{"message":"mismatched types","code":{"code":"E0308","explanation":"Expected type did not match the received type.\n\nErroneous code examples:\n\n```compile_fail,E0308\nfn plus_one(x: i32) -> i32 {\n    x + 1\n}\n\nplus_one(\"Not a number\");\n//       ^^^^^^^^^^^^^^ expected `i32`, found `&str`\n\nif \"Not a bool\" {\n// ^^^^^^^^^^^^ expected `bool`, found `&str`\n}\n\nlet x: f32 = \"Not a float\";\n//     ---   ^^^^^^^^^^^^^ expected `f32`, found `&str`\n//     |\n//     expected due to this\n```\n\nThis error occurs when an expression was used in a place where the compiler\nexpected an expression of a different type. It can occur in several cases, the\nmost common being when calling a function and passing an argument which has a\ndifferent type than the matching type in the function declaration.\n"},"level":"error","spans":[{"file_name":"C:\\Users\\FAJAR.PK\\.cargo\\registry\\src\\index.crates.io-6f17d22bba15001f\\lexical-core-0.7.4\\src\\atof\\algorithm\\bhcomp.rs","byte_start":1905,"byte_end":1915,"line_start":62,"line_end":62,"column_start":24,"column_end":34,"is_primary":true,"text":[{"text":"    let bytes = bits / Limb::BITS;","highlight_start":24,"highlight_end":34}],"label":"expected `usize`, found `u32`","suggested_replacement":null,"suggestion_applicability":null,"expansion":null}],"children":[],"rendered":"\u001b[0m\u001b[1m\u001b[38;5;9merror[E0308]\u001b[0m\u001b[0m\u001b[1m\u001b[38;5;15m: mismatched types\u001b[0m\n\u001b[0m  \u001b[0m\u001b[0m\u001b[1m\u001b[38;5;14m--> \u001b[0m\u001b[0mC:\\Users\\FAJAR.PK\\.cargo\\registry\\src\\index.crates.io-6f17d22bba15001f\\lexical-core-0.7.4\\src\\atof\\algorithm\\bhcomp.rs:62:24\u001b[0m\n\u001b[0m   \u001b[0m\u001b[0m\u001b[1m\u001b[38;5;14m|\u001b[0m\n\u001b[0m\u001b[1m\u001b[38;5;14m62\u001b[0m\u001b[0m \u001b[0m\u001b[0m\u001b[1m\u001b[38;5;14m|\u001b[0m\u001b[0m \u001b[0m\u001b[0m    let bytes = bits / Limb::BITS;\u001b[0m\n\u001b[0m   \u001b[0m\u001b[0m\u001b[1m\u001b[38;5;14m| \u001b[0m\u001b[0m                       \u001b[0m\u001b[0m\u001b[1m\u001b[38;5;9m^^^^^^^^^^\u001b[0m\u001b[0m \u001b[0m\u001b[0m\u001b[1m\u001b[38;5;9mexpected `usize`, found `u32`\u001b[0m\n\n"}
{"message":"cannot divide `usize` by `u32`","code":{"code":"E0277","explanation":"You tried to use a type which doesn't implement some trait in a place which\nexpected that trait.\n\nErroneous code example:\n\n```compile_fail,E0277\n// here we declare the Foo trait with a bar method\ntrait Foo {\n    fn bar(&self);\n}\n\n// we now declare a function which takes an object implementing the Foo trait\nfn some_func<T: Foo>(foo: T) {\n    foo.bar();\n}\n\nfn main() {\n    // we now call the method with the i32 type, which doesn't implement\n    // the Foo trait\n    some_func(5i32); // error: the trait bound `i32 : Foo` is not satisfied\n}\n```\n\nIn order to fix this error, verify that the type you're using does implement\nthe trait. Example:\n\n```\ntrait Foo {\n    fn bar(&self);\n}\n\n// we implement the trait on the i32 type\nimpl Foo for i32 {\n    fn bar(&self) {}\n}\n\nfn some_func<T: Foo>(foo: T) {\n    foo.bar(); // we can now use this method since i32 implements the\n               // Foo trait\n}\n\nfn main() {\n    some_func(5i32); // ok!\n}\n```\n\nOr in a generic context, an erroneous code example would look like:\n\n```compile_fail,E0277\nfn some_func<T>(foo: T) {\n    println!(\"{:?}\", foo); // error: the trait `core::fmt::Debug` is not\n                           //        implemented for the type `T`\n}\n\nfn main() {\n    // We now call the method with the i32 type,\n    // which *does* implement the Debug trait.\n    some_func(5i32);\n}\n```\n\nNote that the error here is in the definition of the generic function. Although\nwe only call it with a parameter that does implement `Debug`, the compiler\nstill rejects the function. It must work with all possible input types. In\norder to make this example compile, we need to restrict the generic type we're\naccepting:\n\n```\nuse std::fmt;\n\n// Restrict the input type to types that implement Debug.\nfn some_func<T: fmt::Debug>(foo: T) {\n    println!(\"{:?}\", foo);\n}\n\nfn main() {\n    // Calling the method is still fine, as i32 implements Debug.\n    some_func(5i32);\n\n    // This would fail to compile now:\n    // struct WithoutDebug;\n    // some_func(WithoutDebug);\n}\n```\n\nRust only looks at the signature of the called function, as such it must\nalready specify all requirements that will be used for every type parameter.\n"},"level":"error","spans":[{"file_name":"C:\\Users\\FAJAR.PK\\.cargo\\registry\\src\\index.crates.io-6f17d22bba15001f\\lexical-core-0.7.4\\src\\atof\\algorithm\\bhcomp.rs","byte_start":1903,"byte_end":1904,"line_start":62,"line_end":62,"column_start":22,"column_end":23,"is_primary":true,"text":[{"text":"    let bytes = bits / Limb::BITS;","highlight_start":22,"highlight_end":23}],"label":"no implementation for `usize / u32`","suggested_replacement":null,"suggestion_applicability":null,"expansion":null}],"children":[{"message":"the trait `Div<u32>` is not implemented for `usize`","code":null,"level":"help","spans":[],"children":[],"rendered":null},{"message":"the following other types implement trait `Div<Rhs>`:\n  <usize as Div>\n  <usize as Div<NonZeroUsize>>\n  <usize as Div<&usize>>\n  <&'a usize as Div<usize>>\n  <&usize as Div<&usize>>","code":null,"level":"help","spans":[],"children":[],"rendered":null}],"rendered":"\u001b[0m\u001b[1m\u001b[38;5;9merror[E0277]\u001b[0m\u001b[0m\u001b[1m\u001b[38;5;15m: cannot divide `usize` by `u32`\u001b[0m\n\u001b[0m  \u001b[0m\u001b[0m\u001b[1m\u001b[38;5;14m--> \u001b[0m\u001b[0mC:\\Users\\FAJAR.PK\\.cargo\\registry\\src\\index.crates.io-6f17d22bba15001f\\lexical-core-0.7.4\\src\\atof\\algorithm\\bhcomp.rs:62:22\u001b[0m\n\u001b[0m   \u001b[0m\u001b[0m\u001b[1m\u001b[38;5;14m|\u001b[0m\n\u001b[0m\u001b[1m\u001b[38;5;14m62\u001b[0m\u001b[0m \u001b[0m\u001b[0m\u001b[1m\u001b[38;5;14m|\u001b[0m\u001b[0m \u001b[0m\u001b[0m    let bytes = bits / Limb::BITS;\u001b[0m\n\u001b[0m   \u001b[0m\u001b[0m\u001b[1m\u001b[38;5;14m| \u001b[0m\u001b[0m                     \u001b[0m\u001b[0m\u001b[1m\u001b[38;5;9m^\u001b[0m\u001b[0m \u001b[0m\u001b[0m\u001b[1m\u001b[38;5;9mno implementation for `usize / u32`\u001b[0m\n\u001b[0m   \u001b[0m\u001b[0m\u001b[1m\u001b[38;5;14m|\u001b[0m\n\u001b[0m   \u001b[0m\u001b[0m\u001b[1m\u001b[38;5;14m= \u001b[0m\u001b[0m\u001b[1m\u001b[38;5;15mhelp\u001b[0m\u001b[0m: the trait `Div<u32>` is not implemented for `usize`\u001b[0m\n\u001b[0m   \u001b[0m\u001b[0m\u001b[1m\u001b[38;5;14m= \u001b[0m\u001b[0m\u001b[1m\u001b[38;5;15mhelp\u001b[0m\u001b[0m: the following other types implement trait `Div<Rhs>`:\u001b[0m\n\u001b[0m             <usize as Div>\u001b[0m\n\u001b[0m             <usize as Div<NonZeroUsize>>\u001b[0m\n\u001b[0m             <usize as Div<&usize>>\u001b[0m\n\u001b[0m             <&'a usize as Div<usize>>\u001b[0m\n\u001b[0m             <&usize as Div<&usize>>\u001b[0m\n\n"}
{"message":"mismatched types","code":{"code":"E0308","explanation":"Expected type did not match the received type.\n\nErroneous code examples:\n\n```compile_fail,E0308\nfn plus_one(x: i32) -> i32 {\n    x + 1\n}\n\nplus_one(\"Not a number\");\n//       ^^^^^^^^^^^^^^ expected `i32`, found `&str`\n\nif \"Not a bool\" {\n// ^^^^^^^^^^^^ expected `bool`, found `&str`\n}\n\nlet x: f32 = \"Not a float\";\n//     ---   ^^^^^^^^^^^^^ expected `f32`, found `&str`\n//     |\n//     expected due to this\n```\n\nThis error occurs when an expression was used in a place where the compiler\nexpected an expression of a different type. It can occur in several cases, the\nmost common being when calling a function and passing an argument which has a\ndifferent type than the matching type in the function declaration.\n"},"level":"error","spans":[{"file_name":"C:\\Users\\FAJAR.PK\\.cargo\\registry\\src\\index.crates.io-6f17d22bba15001f\\lexical-core-0.7.4\\src\\atof\\algorithm\\bigcomp.rs","byte_start":5616,"byte_end":5631,"line_start":157,"line_end":157,"column_start":55,"column_end":70,"is_primary":true,"text":[{"text":"    let nlz = den.leading_zeros().wrapping_sub(wlz) & (u32::BITS - 1);","highlight_start":55,"highlight_end":70}],"label":"expected `usize`, found `u32`","suggested_replacement":null,"suggestion_applicability":null,"expansion":null}],"children":[],"rendered":"\u001b[0m\u001b[1m\u001b[38;5;9merror[E0308]\u001b[0m\u001b[0m\u001b[1m\u001b[38;5;15m: mismatched types\u001b[0m\n\u001b[0m   \u001b[0m\u001b[0m\u001b[1m\u001b[38;5;14m--> \u001b[0m\u001b[0mC:\\Users\\FAJAR.PK\\.cargo\\registry\\src\\index.crates.io-6f17d22bba15001f\\lexical-core-0.7.4\\src\\atof\\algorithm\\bigcomp.rs:157:55\u001b[0m\n\u001b[0m    \u001b[0m\u001b[0m\u001b[1m\u001b[38;5;14m|\u001b[0m\n\u001b[0m\u001b[1m\u001b[38;5;14m157\u001b[0m\u001b[0m \u001b[0m\u001b[0m\u001b[1m\u001b[38;5;14m|\u001b[0m\u001b[0m \u001b[0m\u001b[0m    let nlz = den.leading_zeros().wrapping_sub(wlz) & (u32::BITS - 1);\u001b[0m\n\u001b[0m    \u001b[0m\u001b[0m\u001b[1m\u001b[38;5;14m| \u001b[0m\u001b[0m                                                      \u001b[0m\u001b[0m\u001b[1m\u001b[38;5;9m^^^^^^^^^^^^^^^\u001b[0m\u001b[0m \u001b[0m\u001b[0m\u001b[1m\u001b[38;5;9mexpected `usize`, found `u32`\u001b[0m\n\n"}
{"message":"no implementation for `usize & u32`","code":{"code":"E0277","explanation":"You tried to use a type which doesn't implement some trait in a place which\nexpected that trait.\n\nErroneous code example:\n\n```compile_fail,E0277\n// here we declare the Foo trait with a bar method\ntrait Foo {\n    fn bar(&self);\n}\n\n// we now declare a function which takes an object implementing the Foo trait\nfn some_func<T: Foo>(foo: T) {\n    foo.bar();\n}\n\nfn main() {\n    // we now call the method with the i32 type, which doesn't implement\n    // the Foo trait\n    some_func(5i32); // error: the trait bound `i32 : Foo` is not satisfied\n}\n```\n\nIn order to fix this error, verify that the type you're using does implement\nthe trait. Example:\n\n```\ntrait Foo {\n    fn bar(&self);\n}\n\n// we implement the trait on the i32 type\nimpl Foo for i32 {\n    fn bar(&self) {}\n}\n\nfn some_func<T: Foo>(foo: T) {\n    foo.bar(); // we can now use this method since i32 implements the\n               // Foo trait\n}\n\nfn main() {\n    some_func(5i32); // ok!\n}\n```\n\nOr in a generic context, an erroneous code example would look like:\n\n```compile_fail,E0277\nfn some_func<T>(foo: T) {\n    println!(\"{:?}\", foo); // error: the trait `core::fmt::Debug` is not\n                           //        implemented for the type `T`\n}\n\nfn main() {\n    // We now call the method with the i32 type,\n    // which *does* implement the Debug trait.\n    some_func(5i32);\n}\n```\n\nNote that the error here is in the definition of the generic function. Although\nwe only call it with a parameter that does implement `Debug`, the compiler\nstill rejects the function. It must work with all possible input types. In\norder to make this example compile, we need to restrict the generic type we're\naccepting:\n\n```\nuse std::fmt;\n\n// Restrict the input type to types that implement Debug.\nfn some_func<T: fmt::Debug>(foo: T) {\n    println!(\"{:?}\", foo);\n}\n\nfn main() {\n    // Calling the method is still fine, as i32 implements Debug.\n    some_func(5i32);\n\n    // This would fail to compile now:\n    // struct WithoutDebug;\n    // some_func(WithoutDebug);\n}\n```\n\nRust only looks at the signature of the called function, as such it must\nalready specify all requirements that will be used for every type parameter.\n"},"level":"error","spans":[{"file_name":"C:\\Users\\FAJAR.PK\\.cargo\\registry\\src\\index.crates.io-6f17d22bba15001f\\lexical-core-0.7.4\\src\\atof\\algorithm\\bigcomp.rs","byte_start":5614,"byte_end":5615,"line_start":157,"line_end":157,"column_start":53,"column_end":54,"is_primary":true,"text":[{"text":"    let nlz = den.leading_zeros().wrapping_sub(wlz) & (u32::BITS - 1);","highlight_start":53,"highlight_end":54}],"label":"no implementation for `usize & u32`","suggested_replacement":null,"suggestion_applicability":null,"expansion":null}],"children":[{"message":"the trait `BitAnd<u32>` is not implemented for `usize`","code":null,"level":"help","spans":[],"children":[],"rendered":null},{"message":"the following other types implement trait `BitAnd<Rhs>`:\n  <usize as BitAnd>\n  <usize as BitAnd<&usize>>\n  <&'a usize as BitAnd<usize>>\n  <&usize as BitAnd<&usize>>","code":null,"level":"help","spans":[],"children":[],"rendered":null}],"rendered":"\u001b[0m\u001b[1m\u001b[38;5;9merror[E0277]\u001b[0m\u001b[0m\u001b[1m\u001b[38;5;15m: no implementation for `usize & u32`\u001b[0m\n\u001b[0m   \u001b[0m\u001b[0m\u001b[1m\u001b[38;5;14m--> \u001b[0m\u001b[0mC:\\Users\\FAJAR.PK\\.cargo\\registry\\src\\index.crates.io-6f17d22bba15001f\\lexical-core-0.7.4\\src\\atof\\algorithm\\bigcomp.rs:157:53\u001b[0m\n\u001b[0m    \u001b[0m\u001b[0m\u001b[1m\u001b[38;5;14m|\u001b[0m\n\u001b[0m\u001b[1m\u001b[38;5;14m157\u001b[0m\u001b[0m \u001b[0m\u001b[0m\u001b[1m\u001b[38;5;14m|\u001b[0m\u001b[0m \u001b[0m\u001b[0m    let nlz = den.leading_zeros().wrapping_sub(wlz) & (u32::BITS - 1);\u001b[0m\n\u001b[0m    \u001b[0m\u001b[0m\u001b[1m\u001b[38;5;14m| \u001b[0m\u001b[0m                                                    \u001b[0m\u001b[0m\u001b[1m\u001b[38;5;9m^\u001b[0m\u001b[0m \u001b[0m\u001b[0m\u001b[1m\u001b[38;5;9mno implementation for `usize & u32`\u001b[0m\n\u001b[0m    \u001b[0m\u001b[0m\u001b[1m\u001b[38;5;14m|\u001b[0m\n\u001b[0m    \u001b[0m\u001b[0m\u001b[1m\u001b[38;5;14m= \u001b[0m\u001b[0m\u001b[1m\u001b[38;5;15mhelp\u001b[0m\u001b[0m: the trait `BitAnd<u32>` is not implemented for `usize`\u001b[0m\n\u001b[0m    \u001b[0m\u001b[0m\u001b[1m\u001b[38;5;14m= \u001b[0m\u001b[0m\u001b[1m\u001b[38;5;15mhelp\u001b[0m\u001b[0m: the following other types implement trait `BitAnd<Rhs>`:\u001b[0m\n\u001b[0m              <usize as BitAnd>\u001b[0m\n\u001b[0m              <usize as BitAnd<&usize>>\u001b[0m\n\u001b[0m              <&'a usize as BitAnd<usize>>\u001b[0m\n\u001b[0m              <&usize as BitAnd<&usize>>\u001b[0m\n\n"}
{"message":"mismatched types","code":{"code":"E0308","explanation":"Expected type did not match the received type.\n\nErroneous code examples:\n\n```compile_fail,E0308\nfn plus_one(x: i32) -> i32 {\n    x + 1\n}\n\nplus_one(\"Not a number\");\n//       ^^^^^^^^^^^^^^ expected `i32`, found `&str`\n\nif \"Not a bool\" {\n// ^^^^^^^^^^^^ expected `bool`, found `&str`\n}\n\nlet x: f32 = \"Not a float\";\n//     ---   ^^^^^^^^^^^^^ expected `f32`, found `&str`\n//     |\n//     expected due to this\n```\n\nThis error occurs when an expression was used in a place where the compiler\nexpected an expression of a different type. It can occur in several cases, the\nmost common being when calling a function and passing an argument which has a\ndifferent type than the matching type in the function declaration.\n"},"level":"error","spans":[{"file_name":"C:\\Users\\FAJAR.PK\\.cargo\\registry\\src\\index.crates.io-6f17d22bba15001f\\lexical-core-0.7.4\\src\\atof\\algorithm\\bigcomp.rs","byte_start":6398,"byte_end":6408,"line_start":175,"line_end":175,"column_start":40,"column_end":50,"is_primary":true,"text":[{"text":"        let (q, r) = shift.ceil_divmod(Limb::BITS);","highlight_start":40,"highlight_end":50}],"label":"expected `usize`, found `u32`","suggested_replacement":null,"suggestion_applicability":null,"expansion":null},{"file_name":"C:\\Users\\FAJAR.PK\\.cargo\\registry\\src\\index.crates.io-6f17d22bba15001f\\lexical-core-0.7.4\\src\\atof\\algorithm\\bigcomp.rs","byte_start":6386,"byte_end":6397,"line_start":175,"line_end":175,"column_start":28,"column_end":39,"is_primary":false,"text":[{"text":"        let (q, r) = shift.ceil_divmod(Limb::BITS);","highlight_start":28,"highlight_end":39}],"label":"arguments to this method are incorrect","suggested_replacement":null,"suggestion_applicability":null,"expansion":null}],"children":[{"message":"the return type of this call is `u32` due to the type of the argument passed","code":null,"level":"help","spans":[{"file_name":"C:\\Users\\FAJAR.PK\\.cargo\\registry\\src\\index.crates.io-6f17d22bba15001f\\lexical-core-0.7.4\\src\\atof\\algorithm\\bigcomp.rs","byte_start":6398,"byte_end":6408,"line_start":175,"line_end":175,"column_start":40,"column_end":50,"is_primary":false,"text":[{"text":"        let (q, r) = shift.ceil_divmod(Limb::BITS);","highlight_start":40,"highlight_end":50}],"label":"this argument influences the return type of `ceil_divmod`","suggested_replacement":null,"suggestion_applicability":null,"expansion":null},{"file_name":"C:\\Users\\FAJAR.PK\\.cargo\\registry\\src\\index.crates.io-6f17d22bba15001f\\lexical-core-0.7.4\\src\\atof\\algorithm\\bigcomp.rs","byte_start":6380,"byte_end":6409,"line_start":175,"line_end":175,"column_start":22,"column_end":51,"is_primary":true,"text":[{"text":"        let (q, r) = shift.ceil_divmod(Limb::BITS);","highlight_start":22,"highlight_end":51}],"label":null,"suggested_replacement":null,"suggestion_applicability":null,"expansion":null}],"children":[],"rendered":null},{"message":"method defined here","code":null,"level":"note","spans":[{"file_name":"C:\\Users\\FAJAR.PK\\.cargo\\registry\\src\\index.crates.io-6f17d22bba15001f\\lexical-core-0.7.4\\src\\util\\num.rs","byte_start":6382,"byte_end":6389,"line_start":209,"line_end":209,"column_start":26,"column_end":33,"is_primary":false,"text":[{"text":"    fn ceil_divmod(self, y: Self) -> (Self, i32) {","highlight_start":26,"highlight_end":33}],"label":"","suggested_replacement":null,"suggestion_applicability":null,"expansion":null},{"file_name":"C:\\Users\\FAJAR.PK\\.cargo\\registry\\src\\index.crates.io-6f17d22bba15001f\\lexical-core-0.7.4\\src\\util\\num.rs","byte_start":6364,"byte_end":6375,"line_start":209,"line_end":209,"column_start":8,"column_end":19,"is_primary":true,"text":[{"text":"    fn ceil_divmod(self, y: Self) -> (Self, i32) {","highlight_start":8,"highlight_end":19}],"label":null,"suggested_replacement":null,"suggestion_applicability":null,"expansion":null}],"children":[],"rendered":null},{"message":"you can convert a `u32` to a `usize` and panic if the converted value doesn't fit","code":null,"level":"help","spans":[{"file_name":"C:\\Users\\FAJAR.PK\\.cargo\\registry\\src\\index.crates.io-6f17d22bba15001f\\lexical-core-0.7.4\\src\\atof\\algorithm\\bigcomp.rs","byte_start":6408,"byte_end":6408,"line_start":175,"line_end":175,"column_start":50,"column_end":50,"is_primary":true,"text":[{"text":"        let (q, r) = shift.ceil_divmod(Limb::BITS);","highlight_start":50,"highlight_end":50}],"label":null,"suggested_replacement":".try_into().unwrap()","suggestion_applicability":"MachineApplicable","expansion":null}],"children":[],"rendered":null}],"rendered":"\u001b[0m\u001b[1m\u001b[38;5;9merror[E0308]\u001b[0m\u001b[0m\u001b[1m\u001b[38;5;15m: mismatched types\u001b[0m\n\u001b[0m   \u001b[0m\u001b[0m\u001b[1m\u001b[38;5;14m--> \u001b[0m\u001b[0mC:\\Users\\FAJAR.PK\\.cargo\\registry\\src\\index.crates.io-6f17d22bba15001f\\lexical-core-0.7.4\\src\\atof\\algorithm\\bigcomp.rs:175:40\u001b[0m\n\u001b[0m    \u001b[0m\u001b[0m\u001b[1m\u001b[38;5;14m|\u001b[0m\n\u001b[0m\u001b[1m\u001b[38;5;14m175\u001b[0m\u001b[0m \u001b[0m\u001b[0m\u001b[1m\u001b[38;5;14m|\u001b[0m\u001b[0m \u001b[0m\u001b[0m        let (q, r) = shift.ceil_divmod(Limb::BITS);\u001b[0m\n\u001b[0m    \u001b[0m\u001b[0m\u001b[1m\u001b[38;5;14m| \u001b[0m\u001b[0m                           \u001b[0m\u001b[0m\u001b[1m\u001b[38;5;14m-----------\u001b[0m\u001b[0m \u001b[0m\u001b[0m\u001b[1m\u001b[38;5;9m^^^^^^^^^^\u001b[0m\u001b[0m \u001b[0m\u001b[0m\u001b[1m\u001b[38;5;9mexpected `usize`, found `u32`\u001b[0m\n\u001b[0m    \u001b[0m\u001b[0m\u001b[1m\u001b[38;5;14m| \u001b[0m\u001b[0m                           \u001b[0m\u001b[0m\u001b[1m\u001b[38;5;14m|\u001b[0m\n\u001b[0m    \u001b[0m\u001b[0m\u001b[1m\u001b[38;5;14m| \u001b[0m\u001b[0m                           \u001b[0m\u001b[0m\u001b[1m\u001b[38;5;14marguments to this method are incorrect\u001b[0m\n\u001b[0m    \u001b[0m\u001b[0m\u001b[1m\u001b[38;5;14m|\u001b[0m\n\u001b[0m\u001b[1m\u001b[38;5;14mhelp\u001b[0m\u001b[0m: the return type of this call is `u32` due to the type of the argument passed\u001b[0m\n\u001b[0m   \u001b[0m\u001b[0m\u001b[1m\u001b[38;5;14m--> \u001b[0m\u001b[0mC:\\Users\\FAJAR.PK\\.cargo\\registry\\src\\index.crates.io-6f17d22bba15001f\\lexical-core-0.7.4\\src\\atof\\algorithm\\bigcomp.rs:175:22\u001b[0m\n\u001b[0m    \u001b[0m\u001b[0m\u001b[1m\u001b[38;5;14m|\u001b[0m\n\u001b[0m\u001b[1m\u001b[38;5;14m175\u001b[0m\u001b[0m \u001b[0m\u001b[0m\u001b[1m\u001b[38;5;14m|\u001b[0m\u001b[0m \u001b[0m\u001b[0m        let (q, r) = shift.ceil_divmod(Limb::BITS);\u001b[0m\n\u001b[0m    \u001b[0m\u001b[0m\u001b[1m\u001b[38;5;14m| \u001b[0m\u001b[0m                     \u001b[0m\u001b[0m\u001b[1m\u001b[38;5;14m^^^^^^^^^^^^^^^^^^\u001b[0m\u001b[0m\u001b[1m\u001b[38;5;14m----------\u001b[0m\u001b[0m\u001b[1m\u001b[38;5;14m^\u001b[0m\n\u001b[0m    \u001b[0m\u001b[0m\u001b[1m\u001b[38;5;14m| \u001b[0m\u001b[0m                                       \u001b[0m\u001b[0m\u001b[1m\u001b[38;5;14m|\u001b[0m\n\u001b[0m    \u001b[0m\u001b[0m\u001b[1m\u001b[38;5;14m| \u001b[0m\u001b[0m                                       \u001b[0m\u001b[0m\u001b[1m\u001b[38;5;14mthis argument influences the return type of `ceil_divmod`\u001b[0m\n\u001b[0m\u001b[1m\u001b[38;5;10mnote\u001b[0m\u001b[0m: method defined here\u001b[0m\n\u001b[0m   \u001b[0m\u001b[0m\u001b[1m\u001b[38;5;14m--> \u001b[0m\u001b[0mC:\\Users\\FAJAR.PK\\.cargo\\registry\\src\\index.crates.io-6f17d22bba15001f\\lexical-core-0.7.4\\src\\util\\num.rs:209:8\u001b[0m\n\u001b[0m    \u001b[0m\u001b[0m\u001b[1m\u001b[38;5;14m|\u001b[0m\n\u001b[0m\u001b[1m\u001b[38;5;14m209\u001b[0m\u001b[0m \u001b[0m\u001b[0m\u001b[1m\u001b[38;5;14m|\u001b[0m\u001b[0m \u001b[0m\u001b[0m    fn ceil_divmod(self, y: Self) -> (Self, i32) {\u001b[0m\n\u001b[0m    \u001b[0m\u001b[0m\u001b[1m\u001b[38;5;14m| \u001b[0m\u001b[0m       \u001b[0m\u001b[0m\u001b[1m\u001b[38;5;10m^^^^^^^^^^^\u001b[0m\u001b[0m       \u001b[0m\u001b[0m\u001b[1m\u001b[38;5;14m-------\u001b[0m\n\u001b[0m\u001b[1m\u001b[38;5;14mhelp\u001b[0m\u001b[0m: you can convert a `u32` to a `usize` and panic if the converted value doesn't fit\u001b[0m\n\u001b[0m    \u001b[0m\u001b[0m\u001b[1m\u001b[38;5;14m|\u001b[0m\n\u001b[0m\u001b[1m\u001b[38;5;14m175\u001b[0m\u001b[0m \u001b[0m\u001b[0m\u001b[1m\u001b[38;5;14m| \u001b[0m\u001b[0m        let (q, r) = shift.ceil_divmod(Limb::BITS\u001b[0m\u001b[0m\u001b[38;5;10m.try_into().unwrap()\u001b[0m\u001b[0m);\u001b[0m\n\u001b[0m    \u001b[0m\u001b[0m\u001b[1m\u001b[38;5;14m|\u001b[0m\u001b[0m                                                  \u001b[0m\u001b[0m\u001b[38;5;10m++++++++++++++++++++\u001b[0m\n\n"}
{"message":"mismatched types","code":{"code":"E0308","explanation":"Expected type did not match the received type.\n\nErroneous code examples:\n\n```compile_fail,E0308\nfn plus_one(x: i32) -> i32 {\n    x + 1\n}\n\nplus_one(\"Not a number\");\n//       ^^^^^^^^^^^^^^ expected `i32`, found `&str`\n\nif \"Not a bool\" {\n// ^^^^^^^^^^^^ expected `bool`, found `&str`\n}\n\nlet x: f32 = \"Not a float\";\n//     ---   ^^^^^^^^^^^^^ expected `f32`, found `&str`\n//     |\n//     expected due to this\n```\n\nThis error occurs when an expression was used in a place where the compiler\nexpected an expression of a different type. It can occur in several cases, the\nmost common being when calling a function and passing an argument which has a\ndifferent type than the matching type in the function declaration.\n"},"level":"error","spans":[{"file_name":"C:\\Users\\FAJAR.PK\\.cargo\\registry\\src\\index.crates.io-6f17d22bba15001f\\lexical-core-0.7.4\\src\\atof\\algorithm\\math.rs","byte_start":27357,"byte_end":27367,"line_start":1043,"line_end":1043,"column_start":42,"column_end":52,"is_primary":true,"text":[{"text":"    let mut count = index.saturating_mul(Limb::BITS);","highlight_start":42,"highlight_end":52}],"label":"expected `usize`, found `u32`","suggested_replacement":null,"suggestion_applicability":null,"expansion":null},{"file_name":"C:\\Users\\FAJAR.PK\\.cargo\\registry\\src\\index.crates.io-6f17d22bba15001f\\lexical-core-0.7.4\\src\\atof\\algorithm\\math.rs","byte_start":27342,"byte_end":27356,"line_start":1043,"line_end":1043,"column_start":27,"column_end":41,"is_primary":false,"text":[{"text":"    let mut count = index.saturating_mul(Limb::BITS);","highlight_start":27,"highlight_end":41}],"label":"arguments to this method are incorrect","suggested_replacement":null,"suggestion_applicability":null,"expansion":null}],"children":[{"message":"method defined here","code":null,"level":"note","spans":[{"file_name":"C:\\Users\\FAJAR.PK\\.rustup\\toolchains\\stable-x86_64-pc-windows-msvc\\lib/rustlib/src/rust\\library\\core\\src\\num\\uint_macros.rs","byte_start":43552,"byte_end":43566,"line_start":1116,"line_end":1116,"column_start":22,"column_end":36,"is_primary":true,"text":[{"text":"        pub const fn saturating_mul(self, rhs: Self) -> Self {","highlight_start":22,"highlight_end":36}],"label":null,"suggested_replacement":null,"suggestion_applicability":null,"expansion":{"span":{"file_name":"C:\\Users\\FAJAR.PK\\.rustup\\toolchains\\stable-x86_64-pc-windows-msvc\\lib/rustlib/src/rust\\library\\core\\src\\num\\mod.rs","byte_start":41722,"byte_end":42418,"line_start":1267,"line_end":1285,"column_start":5,"column_end":6,"is_primary":false,"text":[{"text":"    uint_impl! {","highlight_start":5,"highlight_end":17},{"text":"        Self = usize,","highlight_start":1,"highlight_end":22},{"text":"        ActualT = u64,","highlight_start":1,"highlight_end":23},{"text":"        SignedT = isize,","highlight_start":1,"highlight_end":25},{"text":"        NonZeroT = NonZeroUsize,","highlight_start":1,"highlight_end":33},{"text":"        BITS = 64,","highlight_start":1,"highlight_end":19},{"text":"        MAX = 18446744073709551615,","highlight_start":1,"highlight_end":36},{"text":"        rot = 12,","highlight_start":1,"highlight_end":18},{"text":"        rot_op = \"0xaa00000000006e1\",","highlight_start":1,"highlight_end":38},{"text":"        rot_result = \"0x6e10aa\",","highlight_start":1,"highlight_end":33},{"text":"        swap_op = \"0x1234567890123456\",","highlight_start":1,"highlight_end":40},{"text":"        swapped = \"0x5634129078563412\",","highlight_start":1,"highlight_end":40},{"text":"        reversed = \"0x6a2c48091e6a2c48\",","highlight_start":1,"highlight_end":41},{"text":"        le_bytes = \"[0x56, 0x34, 0x12, 0x90, 0x78, 0x56, 0x34, 0x12]\",","highlight_start":1,"highlight_end":71},{"text":"        be_bytes = \"[0x12, 0x34, 0x56, 0x78, 0x90, 0x12, 0x34, 0x56]\",","highlight_start":1,"highlight_end":71},{"text":"        to_xe_bytes_doc = usize_isize_to_xe_bytes_doc!(),","highlight_start":1,"highlight_end":58},{"text":"        from_xe_bytes_doc = usize_isize_from_xe_bytes_doc!(),","highlight_start":1,"highlight_end":62},{"text":"        bound_condition = \" on 64-bit targets\",","highlight_start":1,"highlight_end":48},{"text":"    }","highlight_start":1,"highlight_end":6}],"label":null,"suggested_replacement":null,"suggestion_applicability":null,"expansion":null},"macro_decl_name":"uint_impl!","def_site_span":{"file_name":"C:\\Users\\FAJAR.PK\\.rustup\\toolchains\\stable-x86_64-pc-windows-msvc\\lib/rustlib/src/rust\\library\\core\\src\\num\\uint_macros.rs","byte_start":0,"byte_end":22,"line_start":1,"line_end":1,"column_start":1,"column_end":23,"is_primary":false,"text":[{"text":"macro_rules! uint_impl {","highlight_start":1,"highlight_end":23}],"label":null,"suggested_replacement":null,"suggestion_applicability":null,"expansion":null}}}],"children":[],"rendered":null},{"message":"you can convert a `u32` to a `usize` and panic if the converted value doesn't fit","code":null,"level":"help","spans":[{"file_name":"C:\\Users\\FAJAR.PK\\.cargo\\registry\\src\\index.crates.io-6f17d22bba15001f\\lexical-core-0.7.4\\src\\atof\\algorithm\\math.rs","byte_start":27367,"byte_end":27367,"line_start":1043,"line_end":1043,"column_start":52,"column_end":52,"is_primary":true,"text":[{"text":"    let mut count = index.saturating_mul(Limb::BITS);","highlight_start":52,"highlight_end":52}],"label":null,"suggested_replacement":".try_into().unwrap()","suggestion_applicability":"MachineApplicable","expansion":null}],"children":[],"rendered":null}],"rendered":"\u001b[0m\u001b[1m\u001b[38;5;9merror[E0308]\u001b[0m\u001b[0m\u001b[1m\u001b[38;5;15m: mismatched types\u001b[0m\n\u001b[0m    \u001b[0m\u001b[0m\u001b[1m\u001b[38;5;14m--> \u001b[0m\u001b[0mC:\\Users\\FAJAR.PK\\.cargo\\registry\\src\\index.crates.io-6f17d22bba15001f\\lexical-core-0.7.4\\src\\atof\\algorithm\\math.rs:1043:42\u001b[0m\n\u001b[0m     \u001b[0m\u001b[0m\u001b[1m\u001b[38;5;14m|\u001b[0m\n\u001b[0m\u001b[1m\u001b[38;5;14m1043\u001b[0m\u001b[0m \u001b[0m\u001b[0m\u001b[1m\u001b[38;5;14m|\u001b[0m\u001b[0m \u001b[0m\u001b[0m    let mut count = index.saturating_mul(Limb::BITS);\u001b[0m\n\u001b[0m     \u001b[0m\u001b[0m\u001b[1m\u001b[38;5;14m| \u001b[0m\u001b[0m                          \u001b[0m\u001b[0m\u001b[1m\u001b[38;5;14m--------------\u001b[0m\u001b[0m \u001b[0m\u001b[0m\u001b[1m\u001b[38;5;9m^^^^^^^^^^\u001b[0m\u001b[0m \u001b[0m\u001b[0m\u001b[1m\u001b[38;5;9mexpected `usize`, found `u32`\u001b[0m\n\u001b[0m     \u001b[0m\u001b[0m\u001b[1m\u001b[38;5;14m| \u001b[0m\u001b[0m                          \u001b[0m\u001b[0m\u001b[1m\u001b[38;5;14m|\u001b[0m\n\u001b[0m     \u001b[0m\u001b[0m\u001b[1m\u001b[38;5;14m| \u001b[0m\u001b[0m                          \u001b[0m\u001b[0m\u001b[1m\u001b[38;5;14marguments to this method are incorrect\u001b[0m\n\u001b[0m     \u001b[0m\u001b[0m\u001b[1m\u001b[38;5;14m|\u001b[0m\n\u001b[0m\u001b[1m\u001b[38;5;10mnote\u001b[0m\u001b[0m: method defined here\u001b[0m\n\u001b[0m    \u001b[0m\u001b[0m\u001b[1m\u001b[38;5;14m--> \u001b[0m\u001b[0mC:\\Users\\FAJAR.PK\\.rustup\\toolchains\\stable-x86_64-pc-windows-msvc\\lib/rustlib/src/rust\\library\\core\\src\\num\\mod.rs:1267:5\u001b[0m\n\u001b[0m     \u001b[0m\u001b[0m\u001b[1m\u001b[38;5;14m|\u001b[0m\n\u001b[0m\u001b[1m\u001b[38;5;14m1267\u001b[0m\u001b[0m \u001b[0m\u001b[0m\u001b[1m\u001b[38;5;14m|\u001b[0m\u001b[0m \u001b[0m\u001b[0m\u001b[1m\u001b[38;5;10m/\u001b[0m\u001b[0m \u001b[0m\u001b[0m    uint_impl! {\u001b[0m\n\u001b[0m\u001b[1m\u001b[38;5;14m1268\u001b[0m\u001b[0m \u001b[0m\u001b[0m\u001b[1m\u001b[38;5;14m|\u001b[0m\u001b[0m \u001b[0m\u001b[0m\u001b[1m\u001b[38;5;10m|\u001b[0m\u001b[0m \u001b[0m\u001b[0m        Self = usize,\u001b[0m\n\u001b[0m\u001b[1m\u001b[38;5;14m1269\u001b[0m\u001b[0m \u001b[0m\u001b[0m\u001b[1m\u001b[38;5;14m|\u001b[0m\u001b[0m \u001b[0m\u001b[0m\u001b[1m\u001b[38;5;10m|\u001b[0m\u001b[0m \u001b[0m\u001b[0m        ActualT = u64,\u001b[0m\n\u001b[0m\u001b[1m\u001b[38;5;14m1270\u001b[0m\u001b[0m \u001b[0m\u001b[0m\u001b[1m\u001b[38;5;14m|\u001b[0m\u001b[0m \u001b[0m\u001b[0m\u001b[1m\u001b[38;5;10m|\u001b[0m\u001b[0m \u001b[0m\u001b[0m        SignedT = isize,\u001b[0m\n\u001b[0m\u001b[1m\u001b[38;5;14m...\u001b[0m\u001b[0m    \u001b[0m\u001b[0m\u001b[1m\u001b[38;5;10m|\u001b[0m\n\u001b[0m\u001b[1m\u001b[38;5;14m1284\u001b[0m\u001b[0m \u001b[0m\u001b[0m\u001b[1m\u001b[38;5;14m|\u001b[0m\u001b[0m \u001b[0m\u001b[0m\u001b[1m\u001b[38;5;10m|\u001b[0m\u001b[0m \u001b[0m\u001b[0m        bound_condition = \" on 64-bit targets\",\u001b[0m\n\u001b[0m\u001b[1m\u001b[38;5;14m1285\u001b[0m\u001b[0m \u001b[0m\u001b[0m\u001b[1m\u001b[38;5;14m|\u001b[0m\u001b[0m \u001b[0m\u001b[0m\u001b[1m\u001b[38;5;10m|\u001b[0m\u001b[0m \u001b[0m\u001b[0m    }\u001b[0m\n\u001b[0m     \u001b[0m\u001b[0m\u001b[1m\u001b[38;5;14m| \u001b[0m\u001b[0m\u001b[1m\u001b[38;5;10m|_____^\u001b[0m\n\u001b[0m     \u001b[0m\u001b[0m\u001b[1m\u001b[38;5;14m= \u001b[0m\u001b[0m\u001b[1m\u001b[38;5;15mnote\u001b[0m\u001b[0m: this error originates in the macro `uint_impl` (in Nightly builds, run with -Z macro-backtrace for more info)\u001b[0m\n\u001b[0m\u001b[1m\u001b[38;5;14mhelp\u001b[0m\u001b[0m: you can convert a `u32` to a `usize` and panic if the converted value doesn't fit\u001b[0m\n\u001b[0m     \u001b[0m\u001b[0m\u001b[1m\u001b[38;5;14m|\u001b[0m\n\u001b[0m\u001b[1m\u001b[38;5;14m1043\u001b[0m\u001b[0m \u001b[0m\u001b[0m\u001b[1m\u001b[38;5;14m| \u001b[0m\u001b[0m    let mut count = index.saturating_mul(Limb::BITS\u001b[0m\u001b[0m\u001b[38;5;10m.try_into().unwrap()\u001b[0m\u001b[0m);\u001b[0m\n\u001b[0m     \u001b[0m\u001b[0m\u001b[1m\u001b[38;5;14m|\u001b[0m\u001b[0m                                                    \u001b[0m\u001b[0m\u001b[38;5;10m++++++++++++++++++++\u001b[0m\n\n"}
{"message":"mismatched types","code":{"code":"E0308","explanation":"Expected type did not match the received type.\n\nErroneous code examples:\n\n```compile_fail,E0308\nfn plus_one(x: i32) -> i32 {\n    x + 1\n}\n\nplus_one(\"Not a number\");\n//       ^^^^^^^^^^^^^^ expected `i32`, found `&str`\n\nif \"Not a bool\" {\n// ^^^^^^^^^^^^ expected `bool`, found `&str`\n}\n\nlet x: f32 = \"Not a float\";\n//     ---   ^^^^^^^^^^^^^ expected `f32`, found `&str`\n//     |\n//     expected due to this\n```\n\nThis error occurs when an expression was used in a place where the compiler\nexpected an expression of a different type. It can occur in several cases, the\nmost common being when calling a function and passing an argument which has a\ndifferent type than the matching type in the function declaration.\n"},"level":"error","spans":[{"file_name":"C:\\Users\\FAJAR.PK\\.cargo\\registry\\src\\index.crates.io-6f17d22bba15001f\\lexical-core-0.7.4\\src\\atof\\algorithm\\math.rs","byte_start":27779,"byte_end":27786,"line_start":1058,"line_end":1058,"column_start":28,"column_end":35,"is_primary":true,"text":[{"text":"    Limb::BITS.checked_mul(x.len())","highlight_start":28,"highlight_end":35}],"label":"expected `u32`, found `usize`","suggested_replacement":null,"suggestion_applicability":null,"expansion":null},{"file_name":"C:\\Users\\FAJAR.PK\\.cargo\\registry\\src\\index.crates.io-6f17d22bba15001f\\lexical-core-0.7.4\\src\\atof\\algorithm\\math.rs","byte_start":27767,"byte_end":27778,"line_start":1058,"line_end":1058,"column_start":16,"column_end":27,"is_primary":false,"text":[{"text":"    Limb::BITS.checked_mul(x.len())","highlight_start":16,"highlight_end":27}],"label":"arguments to this method are incorrect","suggested_replacement":null,"suggestion_applicability":null,"expansion":null}],"children":[{"message":"method defined here","code":null,"level":"note","spans":[{"file_name":"C:\\Users\\FAJAR.PK\\.rustup\\toolchains\\stable-x86_64-pc-windows-msvc\\lib/rustlib/src/rust\\library\\core\\src\\num\\uint_macros.rs","byte_start":21659,"byte_end":21670,"line_start":576,"line_end":576,"column_start":22,"column_end":33,"is_primary":true,"text":[{"text":"        pub const fn checked_mul(self, rhs: Self) -> Option<Self> {","highlight_start":22,"highlight_end":33}],"label":null,"suggested_replacement":null,"suggestion_applicability":null,"expansion":{"span":{"file_name":"C:\\Users\\FAJAR.PK\\.rustup\\toolchains\\stable-x86_64-pc-windows-msvc\\lib/rustlib/src/rust\\library\\core\\src\\num\\mod.rs","byte_start":37988,"byte_end":38509,"line_start":1143,"line_end":1161,"column_start":5,"column_end":6,"is_primary":false,"text":[{"text":"    uint_impl! {","highlight_start":5,"highlight_end":17},{"text":"        Self = u32,","highlight_start":1,"highlight_end":20},{"text":"        ActualT = u32,","highlight_start":1,"highlight_end":23},{"text":"        SignedT = i32,","highlight_start":1,"highlight_end":23},{"text":"        NonZeroT = NonZeroU32,","highlight_start":1,"highlight_end":31},{"text":"        BITS = 32,","highlight_start":1,"highlight_end":19},{"text":"        MAX = 4294967295,","highlight_start":1,"highlight_end":26},{"text":"        rot = 8,","highlight_start":1,"highlight_end":17},{"text":"        rot_op = \"0x10000b3\",","highlight_start":1,"highlight_end":30},{"text":"        rot_result = \"0xb301\",","highlight_start":1,"highlight_end":31},{"text":"        swap_op = \"0x12345678\",","highlight_start":1,"highlight_end":32},{"text":"        swapped = \"0x78563412\",","highlight_start":1,"highlight_end":32},{"text":"        reversed = \"0x1e6a2c48\",","highlight_start":1,"highlight_end":33},{"text":"        le_bytes = \"[0x78, 0x56, 0x34, 0x12]\",","highlight_start":1,"highlight_end":47},{"text":"        be_bytes = \"[0x12, 0x34, 0x56, 0x78]\",","highlight_start":1,"highlight_end":47},{"text":"        to_xe_bytes_doc = \"\",","highlight_start":1,"highlight_end":30},{"text":"        from_xe_bytes_doc = \"\",","highlight_start":1,"highlight_end":32},{"text":"        bound_condition = \"\",","highlight_start":1,"highlight_end":30},{"text":"    }","highlight_start":1,"highlight_end":6}],"label":null,"suggested_replacement":null,"suggestion_applicability":null,"expansion":null},"macro_decl_name":"uint_impl!","def_site_span":{"file_name":"C:\\Users\\FAJAR.PK\\.rustup\\toolchains\\stable-x86_64-pc-windows-msvc\\lib/rustlib/src/rust\\library\\core\\src\\num\\uint_macros.rs","byte_start":0,"byte_end":22,"line_start":1,"line_end":1,"column_start":1,"column_end":23,"is_primary":false,"text":[{"text":"macro_rules! uint_impl {","highlight_start":1,"highlight_end":23}],"label":null,"suggested_replacement":null,"suggestion_applicability":null,"expansion":null}}}],"children":[],"rendered":null},{"message":"you can convert a `usize` to a `u32` and panic if the converted value doesn't fit","code":null,"level":"help","spans":[{"file_name":"C:\\Users\\FAJAR.PK\\.cargo\\registry\\src\\index.crates.io-6f17d22bba15001f\\lexical-core-0.7.4\\src\\atof\\algorithm\\math.rs","byte_start":27786,"byte_end":27786,"line_start":1058,"line_end":1058,"column_start":35,"column_end":35,"is_primary":true,"text":[{"text":"    Limb::BITS.checked_mul(x.len())","highlight_start":35,"highlight_end":35}],"label":null,"suggested_replacement":".try_into().unwrap()","suggestion_applicability":"MachineApplicable","expansion":null}],"children":[],"rendered":null}],"rendered":"\u001b[0m\u001b[1m\u001b[38;5;9merror[E0308]\u001b[0m\u001b[0m\u001b[1m\u001b[38;5;15m: mismatched types\u001b[0m\n\u001b[0m    \u001b[0m\u001b[0m\u001b[1m\u001b[38;5;14m--> \u001b[0m\u001b[0mC:\\Users\\FAJAR.PK\\.cargo\\registry\\src\\index.crates.io-6f17d22bba15001f\\lexical-core-0.7.4\\src\\atof\\algorithm\\math.rs:1058:28\u001b[0m\n\u001b[0m     \u001b[0m\u001b[0m\u001b[1m\u001b[38;5;14m|\u001b[0m\n\u001b[0m\u001b[1m\u001b[38;5;14m1058\u001b[0m\u001b[0m \u001b[0m\u001b[0m\u001b[1m\u001b[38;5;14m|\u001b[0m\u001b[0m \u001b[0m\u001b[0m    Limb::BITS.checked_mul(x.len())\u001b[0m\n\u001b[0m     \u001b[0m\u001b[0m\u001b[1m\u001b[38;5;14m| \u001b[0m\u001b[0m               \u001b[0m\u001b[0m\u001b[1m\u001b[38;5;14m-----------\u001b[0m\u001b[0m \u001b[0m\u001b[0m\u001b[1m\u001b[38;5;9m^^^^^^^\u001b[0m\u001b[0m \u001b[0m\u001b[0m\u001b[1m\u001b[38;5;9mexpected `u32`, found `usize`\u001b[0m\n\u001b[0m     \u001b[0m\u001b[0m\u001b[1m\u001b[38;5;14m| \u001b[0m\u001b[0m               \u001b[0m\u001b[0m\u001b[1m\u001b[38;5;14m|\u001b[0m\n\u001b[0m     \u001b[0m\u001b[0m\u001b[1m\u001b[38;5;14m| \u001b[0m\u001b[0m               \u001b[0m\u001b[0m\u001b[1m\u001b[38;5;14marguments to this method are incorrect\u001b[0m\n\u001b[0m     \u001b[0m\u001b[0m\u001b[1m\u001b[38;5;14m|\u001b[0m\n\u001b[0m\u001b[1m\u001b[38;5;10mnote\u001b[0m\u001b[0m: method defined here\u001b[0m\n\u001b[0m    \u001b[0m\u001b[0m\u001b[1m\u001b[38;5;14m--> \u001b[0m\u001b[0mC:\\Users\\FAJAR.PK\\.rustup\\toolchains\\stable-x86_64-pc-windows-msvc\\lib/rustlib/src/rust\\library\\core\\src\\num\\mod.rs:1143:5\u001b[0m\n\u001b[0m     \u001b[0m\u001b[0m\u001b[1m\u001b[38;5;14m|\u001b[0m\n\u001b[0m\u001b[1m\u001b[38;5;14m1143\u001b[0m\u001b[0m \u001b[0m\u001b[0m\u001b[1m\u001b[38;5;14m|\u001b[0m\u001b[0m \u001b[0m\u001b[0m\u001b[1m\u001b[38;5;10m/\u001b[0m\u001b[0m \u001b[0m\u001b[0m    uint_impl! {\u001b[0m\n\u001b[0m\u001b[1m\u001b[38;5;14m1144\u001b[0m\u001b[0m \u001b[0m\u001b[0m\u001b[1m\u001b[38;5;14m|\u001b[0m\u001b[0m \u001b[0m\u001b[0m\u001b[1m\u001b[38;5;10m|\u001b[0m\u001b[0m \u001b[0m\u001b[0m        Self = u32,\u001b[0m\n\u001b[0m\u001b[1m\u001b[38;5;14m1145\u001b[0m\u001b[0m \u001b[0m\u001b[0m\u001b[1m\u001b[38;5;14m|\u001b[0m\u001b[0m \u001b[0m\u001b[0m\u001b[1m\u001b[38;5;10m|\u001b[0m\u001b[0m \u001b[0m\u001b[0m        ActualT = u32,\u001b[0m\n\u001b[0m\u001b[1m\u001b[38;5;14m1146\u001b[0m\u001b[0m \u001b[0m\u001b[0m\u001b[1m\u001b[38;5;14m|\u001b[0m\u001b[0m \u001b[0m\u001b[0m\u001b[1m\u001b[38;5;10m|\u001b[0m\u001b[0m \u001b[0m\u001b[0m        SignedT = i32,\u001b[0m\n\u001b[0m\u001b[1m\u001b[38;5;14m...\u001b[0m\u001b[0m    \u001b[0m\u001b[0m\u001b[1m\u001b[38;5;10m|\u001b[0m\n\u001b[0m\u001b[1m\u001b[38;5;14m1160\u001b[0m\u001b[0m \u001b[0m\u001b[0m\u001b[1m\u001b[38;5;14m|\u001b[0m\u001b[0m \u001b[0m\u001b[0m\u001b[1m\u001b[38;5;10m|\u001b[0m\u001b[0m \u001b[0m\u001b[0m        bound_condition = \"\",\u001b[0m\n\u001b[0m\u001b[1m\u001b[38;5;14m1161\u001b[0m\u001b[0m \u001b[0m\u001b[0m\u001b[1m\u001b[38;5;14m|\u001b[0m\u001b[0m \u001b[0m\u001b[0m\u001b[1m\u001b[38;5;10m|\u001b[0m\u001b[0m \u001b[0m\u001b[0m    }\u001b[0m\n\u001b[0m     \u001b[0m\u001b[0m\u001b[1m\u001b[38;5;14m| \u001b[0m\u001b[0m\u001b[1m\u001b[38;5;10m|_____^\u001b[0m\n\u001b[0m     \u001b[0m\u001b[0m\u001b[1m\u001b[38;5;14m= \u001b[0m\u001b[0m\u001b[1m\u001b[38;5;15mnote\u001b[0m\u001b[0m: this error originates in the macro `uint_impl` (in Nightly builds, run with -Z macro-backtrace for more info)\u001b[0m\n\u001b[0m\u001b[1m\u001b[38;5;14mhelp\u001b[0m\u001b[0m: you can convert a `usize` to a `u32` and panic if the converted value doesn't fit\u001b[0m\n\u001b[0m     \u001b[0m\u001b[0m\u001b[1m\u001b[38;5;14m|\u001b[0m\n\u001b[0m\u001b[1m\u001b[38;5;14m1058\u001b[0m\u001b[0m \u001b[0m\u001b[0m\u001b[1m\u001b[38;5;14m| \u001b[0m\u001b[0m    Limb::BITS.checked_mul(x.len()\u001b[0m\u001b[0m\u001b[38;5;10m.try_into().unwrap()\u001b[0m\u001b[0m)\u001b[0m\n\u001b[0m     \u001b[0m\u001b[0m\u001b[1m\u001b[38;5;14m|\u001b[0m\u001b[0m                                   \u001b[0m\u001b[0m\u001b[38;5;10m++++++++++++++++++++\u001b[0m\n\n"}
{"message":"mismatched types","code":{"code":"E0308","explanation":"Expected type did not match the received type.\n\nErroneous code examples:\n\n```compile_fail,E0308\nfn plus_one(x: i32) -> i32 {\n    x + 1\n}\n\nplus_one(\"Not a number\");\n//       ^^^^^^^^^^^^^^ expected `i32`, found `&str`\n\nif \"Not a bool\" {\n// ^^^^^^^^^^^^ expected `bool`, found `&str`\n}\n\nlet x: f32 = \"Not a float\";\n//     ---   ^^^^^^^^^^^^^ expected `f32`, found `&str`\n//     |\n//     expected due to this\n```\n\nThis error occurs when an expression was used in a place where the compiler\nexpected an expression of a different type. It can occur in several cases, the\nmost common being when calling a function and passing an argument which has a\ndifferent type than the matching type in the function declaration.\n"},"level":"error","spans":[{"file_name":"C:\\Users\\FAJAR.PK\\.cargo\\registry\\src\\index.crates.io-6f17d22bba15001f\\lexical-core-0.7.4\\src\\atof\\algorithm\\math.rs","byte_start":27809,"byte_end":27812,"line_start":1059,"line_end":1059,"column_start":22,"column_end":25,"is_primary":true,"text":[{"text":"        .map(|v| v - nlz)","highlight_start":22,"highlight_end":25}],"label":"expected `u32`, found `usize`","suggested_replacement":null,"suggestion_applicability":null,"expansion":null}],"children":[],"rendered":"\u001b[0m\u001b[1m\u001b[38;5;9merror[E0308]\u001b[0m\u001b[0m\u001b[1m\u001b[38;5;15m: mismatched types\u001b[0m\n\u001b[0m    \u001b[0m\u001b[0m\u001b[1m\u001b[38;5;14m--> \u001b[0m\u001b[0mC:\\Users\\FAJAR.PK\\.cargo\\registry\\src\\index.crates.io-6f17d22bba15001f\\lexical-core-0.7.4\\src\\atof\\algorithm\\math.rs:1059:22\u001b[0m\n\u001b[0m     \u001b[0m\u001b[0m\u001b[1m\u001b[38;5;14m|\u001b[0m\n\u001b[0m\u001b[1m\u001b[38;5;14m1059\u001b[0m\u001b[0m \u001b[0m\u001b[0m\u001b[1m\u001b[38;5;14m|\u001b[0m\u001b[0m \u001b[0m\u001b[0m        .map(|v| v - nlz)\u001b[0m\n\u001b[0m     \u001b[0m\u001b[0m\u001b[1m\u001b[38;5;14m| \u001b[0m\u001b[0m                     \u001b[0m\u001b[0m\u001b[1m\u001b[38;5;9m^^^\u001b[0m\u001b[0m \u001b[0m\u001b[0m\u001b[1m\u001b[38;5;9mexpected `u32`, found `usize`\u001b[0m\n\n"}
{"message":"cannot subtract `usize` from `u32`","code":{"code":"E0277","explanation":"You tried to use a type which doesn't implement some trait in a place which\nexpected that trait.\n\nErroneous code example:\n\n```compile_fail,E0277\n// here we declare the Foo trait with a bar method\ntrait Foo {\n    fn bar(&self);\n}\n\n// we now declare a function which takes an object implementing the Foo trait\nfn some_func<T: Foo>(foo: T) {\n    foo.bar();\n}\n\nfn main() {\n    // we now call the method with the i32 type, which doesn't implement\n    // the Foo trait\n    some_func(5i32); // error: the trait bound `i32 : Foo` is not satisfied\n}\n```\n\nIn order to fix this error, verify that the type you're using does implement\nthe trait. Example:\n\n```\ntrait Foo {\n    fn bar(&self);\n}\n\n// we implement the trait on the i32 type\nimpl Foo for i32 {\n    fn bar(&self) {}\n}\n\nfn some_func<T: Foo>(foo: T) {\n    foo.bar(); // we can now use this method since i32 implements the\n               // Foo trait\n}\n\nfn main() {\n    some_func(5i32); // ok!\n}\n```\n\nOr in a generic context, an erroneous code example would look like:\n\n```compile_fail,E0277\nfn some_func<T>(foo: T) {\n    println!(\"{:?}\", foo); // error: the trait `core::fmt::Debug` is not\n                           //        implemented for the type `T`\n}\n\nfn main() {\n    // We now call the method with the i32 type,\n    // which *does* implement the Debug trait.\n    some_func(5i32);\n}\n```\n\nNote that the error here is in the definition of the generic function. Although\nwe only call it with a parameter that does implement `Debug`, the compiler\nstill rejects the function. It must work with all possible input types. In\norder to make this example compile, we need to restrict the generic type we're\naccepting:\n\n```\nuse std::fmt;\n\n// Restrict the input type to types that implement Debug.\nfn some_func<T: fmt::Debug>(foo: T) {\n    println!(\"{:?}\", foo);\n}\n\nfn main() {\n    // Calling the method is still fine, as i32 implements Debug.\n    some_func(5i32);\n\n    // This would fail to compile now:\n    // struct WithoutDebug;\n    // some_func(WithoutDebug);\n}\n```\n\nRust only looks at the signature of the called function, as such it must\nalready specify all requirements that will be used for every type parameter.\n"},"level":"error","spans":[{"file_name":"C:\\Users\\FAJAR.PK\\.cargo\\registry\\src\\index.crates.io-6f17d22bba15001f\\lexical-core-0.7.4\\src\\atof\\algorithm\\math.rs","byte_start":27807,"byte_end":27808,"line_start":1059,"line_end":1059,"column_start":20,"column_end":21,"is_primary":true,"text":[{"text":"        .map(|v| v - nlz)","highlight_start":20,"highlight_end":21}],"label":"no implementation for `u32 - usize`","suggested_replacement":null,"suggestion_applicability":null,"expansion":null}],"children":[{"message":"the trait `Sub<usize>` is not implemented for `u32`","code":null,"level":"help","spans":[],"children":[],"rendered":null},{"message":"the following other types implement trait `Sub<Rhs>`:\n  <u32 as Sub>\n  <u32 as Sub<&u32>>\n  <&'a u32 as Sub<u32>>\n  <&u32 as Sub<&u32>>","code":null,"level":"help","spans":[],"children":[],"rendered":null}],"rendered":"\u001b[0m\u001b[1m\u001b[38;5;9merror[E0277]\u001b[0m\u001b[0m\u001b[1m\u001b[38;5;15m: cannot subtract `usize` from `u32`\u001b[0m\n\u001b[0m    \u001b[0m\u001b[0m\u001b[1m\u001b[38;5;14m--> \u001b[0m\u001b[0mC:\\Users\\FAJAR.PK\\.cargo\\registry\\src\\index.crates.io-6f17d22bba15001f\\lexical-core-0.7.4\\src\\atof\\algorithm\\math.rs:1059:20\u001b[0m\n\u001b[0m     \u001b[0m\u001b[0m\u001b[1m\u001b[38;5;14m|\u001b[0m\n\u001b[0m\u001b[1m\u001b[38;5;14m1059\u001b[0m\u001b[0m \u001b[0m\u001b[0m\u001b[1m\u001b[38;5;14m|\u001b[0m\u001b[0m \u001b[0m\u001b[0m        .map(|v| v - nlz)\u001b[0m\n\u001b[0m     \u001b[0m\u001b[0m\u001b[1m\u001b[38;5;14m| \u001b[0m\u001b[0m                   \u001b[0m\u001b[0m\u001b[1m\u001b[38;5;9m^\u001b[0m\u001b[0m \u001b[0m\u001b[0m\u001b[1m\u001b[38;5;9mno implementation for `u32 - usize`\u001b[0m\n\u001b[0m     \u001b[0m\u001b[0m\u001b[1m\u001b[38;5;14m|\u001b[0m\n\u001b[0m     \u001b[0m\u001b[0m\u001b[1m\u001b[38;5;14m= \u001b[0m\u001b[0m\u001b[1m\u001b[38;5;15mhelp\u001b[0m\u001b[0m: the trait `Sub<usize>` is not implemented for `u32`\u001b[0m\n\u001b[0m     \u001b[0m\u001b[0m\u001b[1m\u001b[38;5;14m= \u001b[0m\u001b[0m\u001b[1m\u001b[38;5;15mhelp\u001b[0m\u001b[0m: the following other types implement trait `Sub<Rhs>`:\u001b[0m\n\u001b[0m               <u32 as Sub>\u001b[0m\n\u001b[0m               <u32 as Sub<&u32>>\u001b[0m\n\u001b[0m               <&'a u32 as Sub<u32>>\u001b[0m\n\u001b[0m               <&u32 as Sub<&u32>>\u001b[0m\n\n"}
{"message":"mismatched types","code":{"code":"E0308","explanation":"Expected type did not match the received type.\n\nErroneous code examples:\n\n```compile_fail,E0308\nfn plus_one(x: i32) -> i32 {\n    x + 1\n}\n\nplus_one(\"Not a number\");\n//       ^^^^^^^^^^^^^^ expected `i32`, found `&str`\n\nif \"Not a bool\" {\n// ^^^^^^^^^^^^ expected `bool`, found `&str`\n}\n\nlet x: f32 = \"Not a float\";\n//     ---   ^^^^^^^^^^^^^ expected `f32`, found `&str`\n//     |\n//     expected due to this\n```\n\nThis error occurs when an expression was used in a place where the compiler\nexpected an expression of a different type. It can occur in several cases, the\nmost common being when calling a function and passing an argument which has a\ndifferent type than the matching type in the function declaration.\n"},"level":"error","spans":[{"file_name":"C:\\Users\\FAJAR.PK\\.cargo\\registry\\src\\index.crates.io-6f17d22bba15001f\\lexical-core-0.7.4\\src\\atof\\algorithm\\math.rs","byte_start":27833,"byte_end":27851,"line_start":1060,"line_end":1060,"column_start":20,"column_end":38,"is_primary":true,"text":[{"text":"        .unwrap_or(usize::max_value())","highlight_start":20,"highlight_end":38}],"label":"expected `u32`, found `usize`","suggested_replacement":null,"suggestion_applicability":null,"expansion":null},{"file_name":"C:\\Users\\FAJAR.PK\\.cargo\\registry\\src\\index.crates.io-6f17d22bba15001f\\lexical-core-0.7.4\\src\\atof\\algorithm\\math.rs","byte_start":27823,"byte_end":27832,"line_start":1060,"line_end":1060,"column_start":10,"column_end":19,"is_primary":false,"text":[{"text":"        .unwrap_or(usize::max_value())","highlight_start":10,"highlight_end":19}],"label":"arguments to this method are incorrect","suggested_replacement":null,"suggestion_applicability":null,"expansion":null}],"children":[{"message":"the return type of this call is `usize` due to the type of the argument passed","code":null,"level":"help","spans":[{"file_name":"C:\\Users\\FAJAR.PK\\.cargo\\registry\\src\\index.crates.io-6f17d22bba15001f\\lexical-core-0.7.4\\src\\atof\\algorithm\\math.rs","byte_start":27833,"byte_end":27851,"line_start":1060,"line_end":1060,"column_start":20,"column_end":38,"is_primary":false,"text":[{"text":"        .unwrap_or(usize::max_value())","highlight_start":20,"highlight_end":38}],"label":"this argument influences the return type of `unwrap_or`","suggested_replacement":null,"suggestion_applicability":null,"expansion":null},{"file_name":"C:\\Users\\FAJAR.PK\\.cargo\\registry\\src\\index.crates.io-6f17d22bba15001f\\lexical-core-0.7.4\\src\\atof\\algorithm\\math.rs","byte_start":27756,"byte_end":27852,"line_start":1058,"line_end":1060,"column_start":5,"column_end":39,"is_primary":true,"text":[{"text":"    Limb::BITS.checked_mul(x.len())","highlight_start":5,"highlight_end":36},{"text":"        .map(|v| v - nlz)","highlight_start":1,"highlight_end":26},{"text":"        .unwrap_or(usize::max_value())","highlight_start":1,"highlight_end":39}],"label":null,"suggested_replacement":null,"suggestion_applicability":null,"expansion":null}],"children":[],"rendered":null},{"message":"method defined here","code":null,"level":"note","spans":[{"file_name":"C:\\Users\\FAJAR.PK\\.rustup\\toolchains\\stable-x86_64-pc-windows-msvc\\lib/rustlib/src/rust\\library\\core\\src\\option.rs","byte_start":34768,"byte_end":34777,"line_start":955,"line_end":955,"column_start":12,"column_end":21,"is_primary":true,"text":[{"text":"    pub fn unwrap_or(self, default: T) -> T {","highlight_start":12,"highlight_end":21}],"label":null,"suggested_replacement":null,"suggestion_applicability":null,"expansion":null}],"children":[],"rendered":null},{"message":"you can convert a `usize` to a `u32` and panic if the converted value doesn't fit","code":null,"level":"help","spans":[{"file_name":"C:\\Users\\FAJAR.PK\\.cargo\\registry\\src\\index.crates.io-6f17d22bba15001f\\lexical-core-0.7.4\\src\\atof\\algorithm\\math.rs","byte_start":27851,"byte_end":27851,"line_start":1060,"line_end":1060,"column_start":38,"column_end":38,"is_primary":true,"text":[{"text":"        .unwrap_or(usize::max_value())","highlight_start":38,"highlight_end":38}],"label":null,"suggested_replacement":".try_into().unwrap()","suggestion_applicability":"MachineApplicable","expansion":null}],"children":[],"rendered":null}],"rendered":"\u001b[0m\u001b[1m\u001b[38;5;9merror[E0308]\u001b[0m\u001b[0m\u001b[1m\u001b[38;5;15m: mismatched types\u001b[0m\n\u001b[0m    \u001b[0m\u001b[0m\u001b[1m\u001b[38;5;14m--> \u001b[0m\u001b[0mC:\\Users\\FAJAR.PK\\.cargo\\registry\\src\\index.crates.io-6f17d22bba15001f\\lexical-core-0.7.4\\src\\atof\\algorithm\\math.rs:1060:20\u001b[0m\n\u001b[0m     \u001b[0m\u001b[0m\u001b[1m\u001b[38;5;14m|\u001b[0m\n\u001b[0m\u001b[1m\u001b[38;5;14m1060\u001b[0m\u001b[0m \u001b[0m\u001b[0m\u001b[1m\u001b[38;5;14m|\u001b[0m\u001b[0m \u001b[0m\u001b[0m        .unwrap_or(usize::max_value())\u001b[0m\n\u001b[0m     \u001b[0m\u001b[0m\u001b[1m\u001b[38;5;14m| \u001b[0m\u001b[0m         \u001b[0m\u001b[0m\u001b[1m\u001b[38;5;14m---------\u001b[0m\u001b[0m \u001b[0m\u001b[0m\u001b[1m\u001b[38;5;9m^^^^^^^^^^^^^^^^^^\u001b[0m\u001b[0m \u001b[0m\u001b[0m\u001b[1m\u001b[38;5;9mexpected `u32`, found `usize`\u001b[0m\n\u001b[0m     \u001b[0m\u001b[0m\u001b[1m\u001b[38;5;14m| \u001b[0m\u001b[0m         \u001b[0m\u001b[0m\u001b[1m\u001b[38;5;14m|\u001b[0m\n\u001b[0m     \u001b[0m\u001b[0m\u001b[1m\u001b[38;5;14m| \u001b[0m\u001b[0m         \u001b[0m\u001b[0m\u001b[1m\u001b[38;5;14marguments to this method are incorrect\u001b[0m\n\u001b[0m     \u001b[0m\u001b[0m\u001b[1m\u001b[38;5;14m|\u001b[0m\n\u001b[0m\u001b[1m\u001b[38;5;14mhelp\u001b[0m\u001b[0m: the return type of this call is `usize` due to the type of the argument passed\u001b[0m\n\u001b[0m    \u001b[0m\u001b[0m\u001b[1m\u001b[38;5;14m--> \u001b[0m\u001b[0mC:\\Users\\FAJAR.PK\\.cargo\\registry\\src\\index.crates.io-6f17d22bba15001f\\lexical-core-0.7.4\\src\\atof\\algorithm\\math.rs:1058:5\u001b[0m\n\u001b[0m     \u001b[0m\u001b[0m\u001b[1m\u001b[38;5;14m|\u001b[0m\n\u001b[0m\u001b[1m\u001b[38;5;14m1058\u001b[0m\u001b[0m \u001b[0m\u001b[0m\u001b[1m\u001b[38;5;14m|\u001b[0m\u001b[0m \u001b[0m\u001b[0m\u001b[1m\u001b[38;5;14m/\u001b[0m\u001b[0m \u001b[0m\u001b[0m    Limb::BITS.checked_mul(x.len())\u001b[0m\n\u001b[0m\u001b[1m\u001b[38;5;14m1059\u001b[0m\u001b[0m \u001b[0m\u001b[0m\u001b[1m\u001b[38;5;14m|\u001b[0m\u001b[0m \u001b[0m\u001b[0m\u001b[1m\u001b[38;5;14m|\u001b[0m\u001b[0m \u001b[0m\u001b[0m        .map(|v| v - nlz)\u001b[0m\n\u001b[0m\u001b[1m\u001b[38;5;14m1060\u001b[0m\u001b[0m \u001b[0m\u001b[0m\u001b[1m\u001b[38;5;14m|\u001b[0m\u001b[0m \u001b[0m\u001b[0m\u001b[1m\u001b[38;5;14m|\u001b[0m\u001b[0m \u001b[0m\u001b[0m        .unwrap_or(usize::max_value())\u001b[0m\n\u001b[0m     \u001b[0m\u001b[0m\u001b[1m\u001b[38;5;14m| \u001b[0m\u001b[0m\u001b[1m\u001b[38;5;14m|____________________\u001b[0m\u001b[0m\u001b[1m\u001b[38;5;14m------------------\u001b[0m\u001b[0m\u001b[1m\u001b[38;5;14m^\u001b[0m\n\u001b[0m     \u001b[0m\u001b[0m\u001b[1m\u001b[38;5;14m| \u001b[0m\u001b[0m                     \u001b[0m\u001b[0m\u001b[1m\u001b[38;5;14m|\u001b[0m\n\u001b[0m     \u001b[0m\u001b[0m\u001b[1m\u001b[38;5;14m| \u001b[0m\u001b[0m                     \u001b[0m\u001b[0m\u001b[1m\u001b[38;5;14mthis argument influences the return type of `unwrap_or`\u001b[0m\n\u001b[0m\u001b[1m\u001b[38;5;10mnote\u001b[0m\u001b[0m: method defined here\u001b[0m\n\u001b[0m    \u001b[0m\u001b[0m\u001b[1m\u001b[38;5;14m--> \u001b[0m\u001b[0mC:\\Users\\FAJAR.PK\\.rustup\\toolchains\\stable-x86_64-pc-windows-msvc\\lib/rustlib/src/rust\\library\\core\\src\\option.rs:955:12\u001b[0m\n\u001b[0m     \u001b[0m\u001b[0m\u001b[1m\u001b[38;5;14m|\u001b[0m\n\u001b[0m\u001b[1m\u001b[38;5;14m955\u001b[0m\u001b[0m  \u001b[0m\u001b[0m\u001b[1m\u001b[38;5;14m|\u001b[0m\u001b[0m \u001b[0m\u001b[0m    pub fn unwrap_or(self, default: T) -> T {\u001b[0m\n\u001b[0m     \u001b[0m\u001b[0m\u001b[1m\u001b[38;5;14m| \u001b[0m\u001b[0m           \u001b[0m\u001b[0m\u001b[1m\u001b[38;5;10m^^^^^^^^^\u001b[0m\n\u001b[0m\u001b[1m\u001b[38;5;14mhelp\u001b[0m\u001b[0m: you can convert a `usize` to a `u32` and panic if the converted value doesn't fit\u001b[0m\n\u001b[0m     \u001b[0m\u001b[0m\u001b[1m\u001b[38;5;14m|\u001b[0m\n\u001b[0m\u001b[1m\u001b[38;5;14m1060\u001b[0m\u001b[0m \u001b[0m\u001b[0m\u001b[1m\u001b[38;5;14m| \u001b[0m\u001b[0m        .unwrap_or(usize::max_value()\u001b[0m\u001b[0m\u001b[38;5;10m.try_into().unwrap()\u001b[0m\u001b[0m)\u001b[0m\n\u001b[0m     \u001b[0m\u001b[0m\u001b[1m\u001b[38;5;14m|\u001b[0m\u001b[0m                                      \u001b[0m\u001b[0m\u001b[38;5;10m++++++++++++++++++++\u001b[0m\n\n"}
{"message":"mismatched types","code":{"code":"E0308","explanation":"Expected type did not match the received type.\n\nErroneous code examples:\n\n```compile_fail,E0308\nfn plus_one(x: i32) -> i32 {\n    x + 1\n}\n\nplus_one(\"Not a number\");\n//       ^^^^^^^^^^^^^^ expected `i32`, found `&str`\n\nif \"Not a bool\" {\n// ^^^^^^^^^^^^ expected `bool`, found `&str`\n}\n\nlet x: f32 = \"Not a float\";\n//     ---   ^^^^^^^^^^^^^ expected `f32`, found `&str`\n//     |\n//     expected due to this\n```\n\nThis error occurs when an expression was used in a place where the compiler\nexpected an expression of a different type. It can occur in several cases, the\nmost common being when calling a function and passing an argument which has a\ndifferent type than the matching type in the function declaration.\n"},"level":"error","spans":[{"file_name":"C:\\Users\\FAJAR.PK\\.cargo\\registry\\src\\index.crates.io-6f17d22bba15001f\\lexical-core-0.7.4\\src\\atof\\algorithm\\math.rs","byte_start":27756,"byte_end":27852,"line_start":1058,"line_end":1060,"column_start":5,"column_end":39,"is_primary":true,"text":[{"text":"    Limb::BITS.checked_mul(x.len())","highlight_start":5,"highlight_end":36},{"text":"        .map(|v| v - nlz)","highlight_start":1,"highlight_end":26},{"text":"        .unwrap_or(usize::max_value())","highlight_start":1,"highlight_end":39}],"label":"expected `usize`, found `u32`","suggested_replacement":null,"suggestion_applicability":null,"expansion":null},{"file_name":"C:\\Users\\FAJAR.PK\\.cargo\\registry\\src\\index.crates.io-6f17d22bba15001f\\lexical-core-0.7.4\\src\\atof\\algorithm\\math.rs","byte_start":27619,"byte_end":27624,"line_start":1054,"line_end":1054,"column_start":34,"column_end":39,"is_primary":false,"text":[{"text":"pub fn bit_length(x: &[Limb]) -> usize {","highlight_start":34,"highlight_end":39}],"label":"expected `usize` because of return type","suggested_replacement":null,"suggestion_applicability":null,"expansion":null}],"children":[{"message":"you can convert a `u32` to a `usize` and panic if the converted value doesn't fit","code":null,"level":"help","spans":[{"file_name":"C:\\Users\\FAJAR.PK\\.cargo\\registry\\src\\index.crates.io-6f17d22bba15001f\\lexical-core-0.7.4\\src\\atof\\algorithm\\math.rs","byte_start":27852,"byte_end":27852,"line_start":1060,"line_end":1060,"column_start":39,"column_end":39,"is_primary":true,"text":[{"text":"        .unwrap_or(usize::max_value())","highlight_start":39,"highlight_end":39}],"label":null,"suggested_replacement":".try_into().unwrap()","suggestion_applicability":"MachineApplicable","expansion":null}],"children":[],"rendered":null}],"rendered":"\u001b[0m\u001b[1m\u001b[38;5;9merror[E0308]\u001b[0m\u001b[0m\u001b[1m\u001b[38;5;15m: mismatched types\u001b[0m\n\u001b[0m    \u001b[0m\u001b[0m\u001b[1m\u001b[38;5;14m--> \u001b[0m\u001b[0mC:\\Users\\FAJAR.PK\\.cargo\\registry\\src\\index.crates.io-6f17d22bba15001f\\lexical-core-0.7.4\\src\\atof\\algorithm\\math.rs:1058:5\u001b[0m\n\u001b[0m     \u001b[0m\u001b[0m\u001b[1m\u001b[38;5;14m|\u001b[0m\n\u001b[0m\u001b[1m\u001b[38;5;14m1054\u001b[0m\u001b[0m \u001b[0m\u001b[0m\u001b[1m\u001b[38;5;14m|\u001b[0m\u001b[0m   \u001b[0m\u001b[0mpub fn bit_length(x: &[Limb]) -> usize {\u001b[0m\n\u001b[0m     \u001b[0m\u001b[0m\u001b[1m\u001b[38;5;14m| \u001b[0m\u001b[0m                                   \u001b[0m\u001b[0m\u001b[1m\u001b[38;5;14m-----\u001b[0m\u001b[0m \u001b[0m\u001b[0m\u001b[1m\u001b[38;5;14mexpected `usize` because of return type\u001b[0m\n\u001b[0m\u001b[1m\u001b[38;5;14m...\u001b[0m\n\u001b[0m\u001b[1m\u001b[38;5;14m1058\u001b[0m\u001b[0m \u001b[0m\u001b[0m\u001b[1m\u001b[38;5;14m|\u001b[0m\u001b[0m \u001b[0m\u001b[0m\u001b[1m\u001b[38;5;9m/\u001b[0m\u001b[0m \u001b[0m\u001b[0m    Limb::BITS.checked_mul(x.len())\u001b[0m\n\u001b[0m\u001b[1m\u001b[38;5;14m1059\u001b[0m\u001b[0m \u001b[0m\u001b[0m\u001b[1m\u001b[38;5;14m|\u001b[0m\u001b[0m \u001b[0m\u001b[0m\u001b[1m\u001b[38;5;9m|\u001b[0m\u001b[0m \u001b[0m\u001b[0m        .map(|v| v - nlz)\u001b[0m\n\u001b[0m\u001b[1m\u001b[38;5;14m1060\u001b[0m\u001b[0m \u001b[0m\u001b[0m\u001b[1m\u001b[38;5;14m|\u001b[0m\u001b[0m \u001b[0m\u001b[0m\u001b[1m\u001b[38;5;9m|\u001b[0m\u001b[0m \u001b[0m\u001b[0m        .unwrap_or(usize::max_value())\u001b[0m\n\u001b[0m     \u001b[0m\u001b[0m\u001b[1m\u001b[38;5;14m| \u001b[0m\u001b[0m\u001b[1m\u001b[38;5;9m|______________________________________^\u001b[0m\u001b[0m \u001b[0m\u001b[0m\u001b[1m\u001b[38;5;9mexpected `usize`, found `u32`\u001b[0m\n\u001b[0m     \u001b[0m\u001b[0m\u001b[1m\u001b[38;5;14m|\u001b[0m\n\u001b[0m\u001b[1m\u001b[38;5;14mhelp\u001b[0m\u001b[0m: you can convert a `u32` to a `usize` and panic if the converted value doesn't fit\u001b[0m\n\u001b[0m     \u001b[0m\u001b[0m\u001b[1m\u001b[38;5;14m|\u001b[0m\n\u001b[0m\u001b[1m\u001b[38;5;14m1060\u001b[0m\u001b[0m \u001b[0m\u001b[0m\u001b[1m\u001b[38;5;14m| \u001b[0m\u001b[0m        .unwrap_or(usize::max_value())\u001b[0m\u001b[0m\u001b[38;5;10m.try_into().unwrap()\u001b[0m\n\u001b[0m     \u001b[0m\u001b[0m\u001b[1m\u001b[38;5;14m|\u001b[0m\u001b[0m                                       \u001b[0m\u001b[0m\u001b[38;5;10m++++++++++++++++++++\u001b[0m\n\n"}
{"message":"mismatched types","code":{"code":"E0308","explanation":"Expected type did not match the received type.\n\nErroneous code examples:\n\n```compile_fail,E0308\nfn plus_one(x: i32) -> i32 {\n    x + 1\n}\n\nplus_one(\"Not a number\");\n//       ^^^^^^^^^^^^^^ expected `i32`, found `&str`\n\nif \"Not a bool\" {\n// ^^^^^^^^^^^^ expected `bool`, found `&str`\n}\n\nlet x: f32 = \"Not a float\";\n//     ---   ^^^^^^^^^^^^^ expected `f32`, found `&str`\n//     |\n//     expected due to this\n```\n\nThis error occurs when an expression was used in a place where the compiler\nexpected an expression of a different type. It can occur in several cases, the\nmost common being when calling a function and passing an argument which has a\ndifferent type than the matching type in the function declaration.\n"},"level":"error","spans":[{"file_name":"C:\\Users\\FAJAR.PK\\.cargo\\registry\\src\\index.crates.io-6f17d22bba15001f\\lexical-core-0.7.4\\src\\atof\\algorithm\\math.rs","byte_start":28394,"byte_end":28398,"line_start":1085,"line_end":1085,"column_start":23,"column_end":27,"is_primary":true,"text":[{"text":"    debug_assert!(n < bits && n != 0);","highlight_start":23,"highlight_end":27}],"label":"expected `usize`, found `u32`","suggested_replacement":null,"suggestion_applicability":null,"expansion":null},{"file_name":"C:\\Users\\FAJAR.PK\\.cargo\\registry\\src\\index.crates.io-6f17d22bba15001f\\lexical-core-0.7.4\\src\\atof\\algorithm\\math.rs","byte_start":28390,"byte_end":28391,"line_start":1085,"line_end":1085,"column_start":19,"column_end":20,"is_primary":false,"text":[{"text":"    debug_assert!(n < bits && n != 0);","highlight_start":19,"highlight_end":20}],"label":"expected because this is `usize`","suggested_replacement":null,"suggestion_applicability":null,"expansion":null}],"children":[{"message":"you can convert a `u32` to a `usize` and panic if the converted value doesn't fit","code":null,"level":"help","spans":[{"file_name":"C:\\Users\\FAJAR.PK\\.cargo\\registry\\src\\index.crates.io-6f17d22bba15001f\\lexical-core-0.7.4\\src\\atof\\algorithm\\math.rs","byte_start":28398,"byte_end":28398,"line_start":1085,"line_end":1085,"column_start":27,"column_end":27,"is_primary":true,"text":[{"text":"    debug_assert!(n < bits && n != 0);","highlight_start":27,"highlight_end":27}],"label":null,"suggested_replacement":".try_into().unwrap()","suggestion_applicability":"MachineApplicable","expansion":null}],"children":[],"rendered":null}],"rendered":"\u001b[0m\u001b[1m\u001b[38;5;9merror[E0308]\u001b[0m\u001b[0m\u001b[1m\u001b[38;5;15m: mismatched types\u001b[0m\n\u001b[0m    \u001b[0m\u001b[0m\u001b[1m\u001b[38;5;14m--> \u001b[0m\u001b[0mC:\\Users\\FAJAR.PK\\.cargo\\registry\\src\\index.crates.io-6f17d22bba15001f\\lexical-core-0.7.4\\src\\atof\\algorithm\\math.rs:1085:23\u001b[0m\n\u001b[0m     \u001b[0m\u001b[0m\u001b[1m\u001b[38;5;14m|\u001b[0m\n\u001b[0m\u001b[1m\u001b[38;5;14m1085\u001b[0m\u001b[0m \u001b[0m\u001b[0m\u001b[1m\u001b[38;5;14m|\u001b[0m\u001b[0m \u001b[0m\u001b[0m    debug_assert!(n < bits && n != 0);\u001b[0m\n\u001b[0m     \u001b[0m\u001b[0m\u001b[1m\u001b[38;5;14m| \u001b[0m\u001b[0m                  \u001b[0m\u001b[0m\u001b[1m\u001b[38;5;14m-\u001b[0m\u001b[0m   \u001b[0m\u001b[0m\u001b[1m\u001b[38;5;9m^^^^\u001b[0m\u001b[0m \u001b[0m\u001b[0m\u001b[1m\u001b[38;5;9mexpected `usize`, found `u32`\u001b[0m\n\u001b[0m     \u001b[0m\u001b[0m\u001b[1m\u001b[38;5;14m| \u001b[0m\u001b[0m                  \u001b[0m\u001b[0m\u001b[1m\u001b[38;5;14m|\u001b[0m\n\u001b[0m     \u001b[0m\u001b[0m\u001b[1m\u001b[38;5;14m| \u001b[0m\u001b[0m                  \u001b[0m\u001b[0m\u001b[1m\u001b[38;5;14mexpected because this is `usize`\u001b[0m\n\u001b[0m     \u001b[0m\u001b[0m\u001b[1m\u001b[38;5;14m|\u001b[0m\n\u001b[0m\u001b[1m\u001b[38;5;14mhelp\u001b[0m\u001b[0m: you can convert a `u32` to a `usize` and panic if the converted value doesn't fit\u001b[0m\n\u001b[0m     \u001b[0m\u001b[0m\u001b[1m\u001b[38;5;14m|\u001b[0m\n\u001b[0m\u001b[1m\u001b[38;5;14m1085\u001b[0m\u001b[0m \u001b[0m\u001b[0m\u001b[1m\u001b[38;5;14m| \u001b[0m\u001b[0m    debug_assert!(n < bits\u001b[0m\u001b[0m\u001b[38;5;10m.try_into().unwrap()\u001b[0m\u001b[0m && n != 0);\u001b[0m\n\u001b[0m     \u001b[0m\u001b[0m\u001b[1m\u001b[38;5;14m|\u001b[0m\u001b[0m                           \u001b[0m\u001b[0m\u001b[38;5;10m++++++++++++++++++++\u001b[0m\n\n"}
{"message":"mismatched types","code":{"code":"E0308","explanation":"Expected type did not match the received type.\n\nErroneous code examples:\n\n```compile_fail,E0308\nfn plus_one(x: i32) -> i32 {\n    x + 1\n}\n\nplus_one(\"Not a number\");\n//       ^^^^^^^^^^^^^^ expected `i32`, found `&str`\n\nif \"Not a bool\" {\n// ^^^^^^^^^^^^ expected `bool`, found `&str`\n}\n\nlet x: f32 = \"Not a float\";\n//     ---   ^^^^^^^^^^^^^ expected `f32`, found `&str`\n//     |\n//     expected due to this\n```\n\nThis error occurs when an expression was used in a place where the compiler\nexpected an expression of a different type. It can occur in several cases, the\nmost common being when calling a function and passing an argument which has a\ndifferent type than the matching type in the function declaration.\n"},"level":"error","spans":[{"file_name":"C:\\Users\\FAJAR.PK\\.cargo\\registry\\src\\index.crates.io-6f17d22bba15001f\\lexical-core-0.7.4\\src\\atof\\algorithm\\math.rs","byte_start":28670,"byte_end":28671,"line_start":1092,"line_end":1092,"column_start":25,"column_end":26,"is_primary":true,"text":[{"text":"    let lshift = bits - n;","highlight_start":25,"highlight_end":26}],"label":"expected `u32`, found `usize`","suggested_replacement":null,"suggestion_applicability":null,"expansion":null}],"children":[],"rendered":"\u001b[0m\u001b[1m\u001b[38;5;9merror[E0308]\u001b[0m\u001b[0m\u001b[1m\u001b[38;5;15m: mismatched types\u001b[0m\n\u001b[0m    \u001b[0m\u001b[0m\u001b[1m\u001b[38;5;14m--> \u001b[0m\u001b[0mC:\\Users\\FAJAR.PK\\.cargo\\registry\\src\\index.crates.io-6f17d22bba15001f\\lexical-core-0.7.4\\src\\atof\\algorithm\\math.rs:1092:25\u001b[0m\n\u001b[0m     \u001b[0m\u001b[0m\u001b[1m\u001b[38;5;14m|\u001b[0m\n\u001b[0m\u001b[1m\u001b[38;5;14m1092\u001b[0m\u001b[0m \u001b[0m\u001b[0m\u001b[1m\u001b[38;5;14m|\u001b[0m\u001b[0m \u001b[0m\u001b[0m    let lshift = bits - n;\u001b[0m\n\u001b[0m     \u001b[0m\u001b[0m\u001b[1m\u001b[38;5;14m| \u001b[0m\u001b[0m                        \u001b[0m\u001b[0m\u001b[1m\u001b[38;5;9m^\u001b[0m\u001b[0m \u001b[0m\u001b[0m\u001b[1m\u001b[38;5;9mexpected `u32`, found `usize`\u001b[0m\n\n"}
{"message":"cannot subtract `usize` from `u32`","code":{"code":"E0277","explanation":"You tried to use a type which doesn't implement some trait in a place which\nexpected that trait.\n\nErroneous code example:\n\n```compile_fail,E0277\n// here we declare the Foo trait with a bar method\ntrait Foo {\n    fn bar(&self);\n}\n\n// we now declare a function which takes an object implementing the Foo trait\nfn some_func<T: Foo>(foo: T) {\n    foo.bar();\n}\n\nfn main() {\n    // we now call the method with the i32 type, which doesn't implement\n    // the Foo trait\n    some_func(5i32); // error: the trait bound `i32 : Foo` is not satisfied\n}\n```\n\nIn order to fix this error, verify that the type you're using does implement\nthe trait. Example:\n\n```\ntrait Foo {\n    fn bar(&self);\n}\n\n// we implement the trait on the i32 type\nimpl Foo for i32 {\n    fn bar(&self) {}\n}\n\nfn some_func<T: Foo>(foo: T) {\n    foo.bar(); // we can now use this method since i32 implements the\n               // Foo trait\n}\n\nfn main() {\n    some_func(5i32); // ok!\n}\n```\n\nOr in a generic context, an erroneous code example would look like:\n\n```compile_fail,E0277\nfn some_func<T>(foo: T) {\n    println!(\"{:?}\", foo); // error: the trait `core::fmt::Debug` is not\n                           //        implemented for the type `T`\n}\n\nfn main() {\n    // We now call the method with the i32 type,\n    // which *does* implement the Debug trait.\n    some_func(5i32);\n}\n```\n\nNote that the error here is in the definition of the generic function. Although\nwe only call it with a parameter that does implement `Debug`, the compiler\nstill rejects the function. It must work with all possible input types. In\norder to make this example compile, we need to restrict the generic type we're\naccepting:\n\n```\nuse std::fmt;\n\n// Restrict the input type to types that implement Debug.\nfn some_func<T: fmt::Debug>(foo: T) {\n    println!(\"{:?}\", foo);\n}\n\nfn main() {\n    // Calling the method is still fine, as i32 implements Debug.\n    some_func(5i32);\n\n    // This would fail to compile now:\n    // struct WithoutDebug;\n    // some_func(WithoutDebug);\n}\n```\n\nRust only looks at the signature of the called function, as such it must\nalready specify all requirements that will be used for every type parameter.\n"},"level":"error","spans":[{"file_name":"C:\\Users\\FAJAR.PK\\.cargo\\registry\\src\\index.crates.io-6f17d22bba15001f\\lexical-core-0.7.4\\src\\atof\\algorithm\\math.rs","byte_start":28668,"byte_end":28669,"line_start":1092,"line_end":1092,"column_start":23,"column_end":24,"is_primary":true,"text":[{"text":"    let lshift = bits - n;","highlight_start":23,"highlight_end":24}],"label":"no implementation for `u32 - usize`","suggested_replacement":null,"suggestion_applicability":null,"expansion":null}],"children":[{"message":"the trait `Sub<usize>` is not implemented for `u32`","code":null,"level":"help","spans":[],"children":[],"rendered":null},{"message":"the following other types implement trait `Sub<Rhs>`:\n  <u32 as Sub>\n  <u32 as Sub<&u32>>\n  <&'a u32 as Sub<u32>>\n  <&u32 as Sub<&u32>>","code":null,"level":"help","spans":[],"children":[],"rendered":null}],"rendered":"\u001b[0m\u001b[1m\u001b[38;5;9merror[E0277]\u001b[0m\u001b[0m\u001b[1m\u001b[38;5;15m: cannot subtract `usize` from `u32`\u001b[0m\n\u001b[0m    \u001b[0m\u001b[0m\u001b[1m\u001b[38;5;14m--> \u001b[0m\u001b[0mC:\\Users\\FAJAR.PK\\.cargo\\registry\\src\\index.crates.io-6f17d22bba15001f\\lexical-core-0.7.4\\src\\atof\\algorithm\\math.rs:1092:23\u001b[0m\n\u001b[0m     \u001b[0m\u001b[0m\u001b[1m\u001b[38;5;14m|\u001b[0m\n\u001b[0m\u001b[1m\u001b[38;5;14m1092\u001b[0m\u001b[0m \u001b[0m\u001b[0m\u001b[1m\u001b[38;5;14m|\u001b[0m\u001b[0m \u001b[0m\u001b[0m    let lshift = bits - n;\u001b[0m\n\u001b[0m     \u001b[0m\u001b[0m\u001b[1m\u001b[38;5;14m| \u001b[0m\u001b[0m                      \u001b[0m\u001b[0m\u001b[1m\u001b[38;5;9m^\u001b[0m\u001b[0m \u001b[0m\u001b[0m\u001b[1m\u001b[38;5;9mno implementation for `u32 - usize`\u001b[0m\n\u001b[0m     \u001b[0m\u001b[0m\u001b[1m\u001b[38;5;14m|\u001b[0m\n\u001b[0m     \u001b[0m\u001b[0m\u001b[1m\u001b[38;5;14m= \u001b[0m\u001b[0m\u001b[1m\u001b[38;5;15mhelp\u001b[0m\u001b[0m: the trait `Sub<usize>` is not implemented for `u32`\u001b[0m\n\u001b[0m     \u001b[0m\u001b[0m\u001b[1m\u001b[38;5;14m= \u001b[0m\u001b[0m\u001b[1m\u001b[38;5;15mhelp\u001b[0m\u001b[0m: the following other types implement trait `Sub<Rhs>`:\u001b[0m\n\u001b[0m               <u32 as Sub>\u001b[0m\n\u001b[0m               <u32 as Sub<&u32>>\u001b[0m\n\u001b[0m               <&'a u32 as Sub<u32>>\u001b[0m\n\u001b[0m               <&u32 as Sub<&u32>>\u001b[0m\n\n"}
{"message":"mismatched types","code":{"code":"E0308","explanation":"Expected type did not match the received type.\n\nErroneous code examples:\n\n```compile_fail,E0308\nfn plus_one(x: i32) -> i32 {\n    x + 1\n}\n\nplus_one(\"Not a number\");\n//       ^^^^^^^^^^^^^^ expected `i32`, found `&str`\n\nif \"Not a bool\" {\n// ^^^^^^^^^^^^ expected `bool`, found `&str`\n}\n\nlet x: f32 = \"Not a float\";\n//     ---   ^^^^^^^^^^^^^ expected `f32`, found `&str`\n//     |\n//     expected due to this\n```\n\nThis error occurs when an expression was used in a place where the compiler\nexpected an expression of a different type. It can occur in several cases, the\nmost common being when calling a function and passing an argument which has a\ndifferent type than the matching type in the function declaration.\n"},"level":"error","spans":[{"file_name":"C:\\Users\\FAJAR.PK\\.cargo\\registry\\src\\index.crates.io-6f17d22bba15001f\\lexical-core-0.7.4\\src\\atof\\algorithm\\math.rs","byte_start":29693,"byte_end":29697,"line_start":1134,"line_end":1134,"column_start":19,"column_end":23,"is_primary":true,"text":[{"text":"    let rem = n % bits;","highlight_start":19,"highlight_end":23}],"label":"expected `usize`, found `u32`","suggested_replacement":null,"suggestion_applicability":null,"expansion":null}],"children":[],"rendered":"\u001b[0m\u001b[1m\u001b[38;5;9merror[E0308]\u001b[0m\u001b[0m\u001b[1m\u001b[38;5;15m: mismatched types\u001b[0m\n\u001b[0m    \u001b[0m\u001b[0m\u001b[1m\u001b[38;5;14m--> \u001b[0m\u001b[0mC:\\Users\\FAJAR.PK\\.cargo\\registry\\src\\index.crates.io-6f17d22bba15001f\\lexical-core-0.7.4\\src\\atof\\algorithm\\math.rs:1134:19\u001b[0m\n\u001b[0m     \u001b[0m\u001b[0m\u001b[1m\u001b[38;5;14m|\u001b[0m\n\u001b[0m\u001b[1m\u001b[38;5;14m1134\u001b[0m\u001b[0m \u001b[0m\u001b[0m\u001b[1m\u001b[38;5;14m|\u001b[0m\u001b[0m \u001b[0m\u001b[0m    let rem = n % bits;\u001b[0m\n\u001b[0m     \u001b[0m\u001b[0m\u001b[1m\u001b[38;5;14m| \u001b[0m\u001b[0m                  \u001b[0m\u001b[0m\u001b[1m\u001b[38;5;9m^^^^\u001b[0m\u001b[0m \u001b[0m\u001b[0m\u001b[1m\u001b[38;5;9mexpected `usize`, found `u32`\u001b[0m\n\n"}
{"message":"cannot calculate the remainder of `usize` divided by `u32`","code":{"code":"E0277","explanation":"You tried to use a type which doesn't implement some trait in a place which\nexpected that trait.\n\nErroneous code example:\n\n```compile_fail,E0277\n// here we declare the Foo trait with a bar method\ntrait Foo {\n    fn bar(&self);\n}\n\n// we now declare a function which takes an object implementing the Foo trait\nfn some_func<T: Foo>(foo: T) {\n    foo.bar();\n}\n\nfn main() {\n    // we now call the method with the i32 type, which doesn't implement\n    // the Foo trait\n    some_func(5i32); // error: the trait bound `i32 : Foo` is not satisfied\n}\n```\n\nIn order to fix this error, verify that the type you're using does implement\nthe trait. Example:\n\n```\ntrait Foo {\n    fn bar(&self);\n}\n\n// we implement the trait on the i32 type\nimpl Foo for i32 {\n    fn bar(&self) {}\n}\n\nfn some_func<T: Foo>(foo: T) {\n    foo.bar(); // we can now use this method since i32 implements the\n               // Foo trait\n}\n\nfn main() {\n    some_func(5i32); // ok!\n}\n```\n\nOr in a generic context, an erroneous code example would look like:\n\n```compile_fail,E0277\nfn some_func<T>(foo: T) {\n    println!(\"{:?}\", foo); // error: the trait `core::fmt::Debug` is not\n                           //        implemented for the type `T`\n}\n\nfn main() {\n    // We now call the method with the i32 type,\n    // which *does* implement the Debug trait.\n    some_func(5i32);\n}\n```\n\nNote that the error here is in the definition of the generic function. Although\nwe only call it with a parameter that does implement `Debug`, the compiler\nstill rejects the function. It must work with all possible input types. In\norder to make this example compile, we need to restrict the generic type we're\naccepting:\n\n```\nuse std::fmt;\n\n// Restrict the input type to types that implement Debug.\nfn some_func<T: fmt::Debug>(foo: T) {\n    println!(\"{:?}\", foo);\n}\n\nfn main() {\n    // Calling the method is still fine, as i32 implements Debug.\n    some_func(5i32);\n\n    // This would fail to compile now:\n    // struct WithoutDebug;\n    // some_func(WithoutDebug);\n}\n```\n\nRust only looks at the signature of the called function, as such it must\nalready specify all requirements that will be used for every type parameter.\n"},"level":"error","spans":[{"file_name":"C:\\Users\\FAJAR.PK\\.cargo\\registry\\src\\index.crates.io-6f17d22bba15001f\\lexical-core-0.7.4\\src\\atof\\algorithm\\math.rs","byte_start":29691,"byte_end":29692,"line_start":1134,"line_end":1134,"column_start":17,"column_end":18,"is_primary":true,"text":[{"text":"    let rem = n % bits;","highlight_start":17,"highlight_end":18}],"label":"no implementation for `usize % u32`","suggested_replacement":null,"suggestion_applicability":null,"expansion":null}],"children":[{"message":"the trait `Rem<u32>` is not implemented for `usize`","code":null,"level":"help","spans":[],"children":[],"rendered":null},{"message":"the following other types implement trait `Rem<Rhs>`:\n  <usize as Rem>\n  <usize as Rem<NonZeroUsize>>\n  <usize as Rem<&usize>>\n  <&'a usize as Rem<usize>>\n  <&usize as Rem<&usize>>","code":null,"level":"help","spans":[],"children":[],"rendered":null}],"rendered":"\u001b[0m\u001b[1m\u001b[38;5;9merror[E0277]\u001b[0m\u001b[0m\u001b[1m\u001b[38;5;15m: cannot calculate the remainder of `usize` divided by `u32`\u001b[0m\n\u001b[0m    \u001b[0m\u001b[0m\u001b[1m\u001b[38;5;14m--> \u001b[0m\u001b[0mC:\\Users\\FAJAR.PK\\.cargo\\registry\\src\\index.crates.io-6f17d22bba15001f\\lexical-core-0.7.4\\src\\atof\\algorithm\\math.rs:1134:17\u001b[0m\n\u001b[0m     \u001b[0m\u001b[0m\u001b[1m\u001b[38;5;14m|\u001b[0m\n\u001b[0m\u001b[1m\u001b[38;5;14m1134\u001b[0m\u001b[0m \u001b[0m\u001b[0m\u001b[1m\u001b[38;5;14m|\u001b[0m\u001b[0m \u001b[0m\u001b[0m    let rem = n % bits;\u001b[0m\n\u001b[0m     \u001b[0m\u001b[0m\u001b[1m\u001b[38;5;14m| \u001b[0m\u001b[0m                \u001b[0m\u001b[0m\u001b[1m\u001b[38;5;9m^\u001b[0m\u001b[0m \u001b[0m\u001b[0m\u001b[1m\u001b[38;5;9mno implementation for `usize % u32`\u001b[0m\n\u001b[0m     \u001b[0m\u001b[0m\u001b[1m\u001b[38;5;14m|\u001b[0m\n\u001b[0m     \u001b[0m\u001b[0m\u001b[1m\u001b[38;5;14m= \u001b[0m\u001b[0m\u001b[1m\u001b[38;5;15mhelp\u001b[0m\u001b[0m: the trait `Rem<u32>` is not implemented for `usize`\u001b[0m\n\u001b[0m     \u001b[0m\u001b[0m\u001b[1m\u001b[38;5;14m= \u001b[0m\u001b[0m\u001b[1m\u001b[38;5;15mhelp\u001b[0m\u001b[0m: the following other types implement trait `Rem<Rhs>`:\u001b[0m\n\u001b[0m               <usize as Rem>\u001b[0m\n\u001b[0m               <usize as Rem<NonZeroUsize>>\u001b[0m\n\u001b[0m               <usize as Rem<&usize>>\u001b[0m\n\u001b[0m               <&'a usize as Rem<usize>>\u001b[0m\n\u001b[0m               <&usize as Rem<&usize>>\u001b[0m\n\n"}
{"message":"mismatched types","code":{"code":"E0308","explanation":"Expected type did not match the received type.\n\nErroneous code examples:\n\n```compile_fail,E0308\nfn plus_one(x: i32) -> i32 {\n    x + 1\n}\n\nplus_one(\"Not a number\");\n//       ^^^^^^^^^^^^^^ expected `i32`, found `&str`\n\nif \"Not a bool\" {\n// ^^^^^^^^^^^^ expected `bool`, found `&str`\n}\n\nlet x: f32 = \"Not a float\";\n//     ---   ^^^^^^^^^^^^^ expected `f32`, found `&str`\n//     |\n//     expected due to this\n```\n\nThis error occurs when an expression was used in a place where the compiler\nexpected an expression of a different type. It can occur in several cases, the\nmost common being when calling a function and passing an argument which has a\ndifferent type than the matching type in the function declaration.\n"},"level":"error","spans":[{"file_name":"C:\\Users\\FAJAR.PK\\.cargo\\registry\\src\\index.crates.io-6f17d22bba15001f\\lexical-core-0.7.4\\src\\atof\\algorithm\\math.rs","byte_start":29717,"byte_end":29721,"line_start":1135,"line_end":1135,"column_start":19,"column_end":23,"is_primary":true,"text":[{"text":"    let div = n / bits;","highlight_start":19,"highlight_end":23}],"label":"expected `usize`, found `u32`","suggested_replacement":null,"suggestion_applicability":null,"expansion":null}],"children":[],"rendered":"\u001b[0m\u001b[1m\u001b[38;5;9merror[E0308]\u001b[0m\u001b[0m\u001b[1m\u001b[38;5;15m: mismatched types\u001b[0m\n\u001b[0m    \u001b[0m\u001b[0m\u001b[1m\u001b[38;5;14m--> \u001b[0m\u001b[0mC:\\Users\\FAJAR.PK\\.cargo\\registry\\src\\index.crates.io-6f17d22bba15001f\\lexical-core-0.7.4\\src\\atof\\algorithm\\math.rs:1135:19\u001b[0m\n\u001b[0m     \u001b[0m\u001b[0m\u001b[1m\u001b[38;5;14m|\u001b[0m\n\u001b[0m\u001b[1m\u001b[38;5;14m1135\u001b[0m\u001b[0m \u001b[0m\u001b[0m\u001b[1m\u001b[38;5;14m|\u001b[0m\u001b[0m \u001b[0m\u001b[0m    let div = n / bits;\u001b[0m\n\u001b[0m     \u001b[0m\u001b[0m\u001b[1m\u001b[38;5;14m| \u001b[0m\u001b[0m                  \u001b[0m\u001b[0m\u001b[1m\u001b[38;5;9m^^^^\u001b[0m\u001b[0m \u001b[0m\u001b[0m\u001b[1m\u001b[38;5;9mexpected `usize`, found `u32`\u001b[0m\n\n"}
{"message":"cannot divide `usize` by `u32`","code":{"code":"E0277","explanation":"You tried to use a type which doesn't implement some trait in a place which\nexpected that trait.\n\nErroneous code example:\n\n```compile_fail,E0277\n// here we declare the Foo trait with a bar method\ntrait Foo {\n    fn bar(&self);\n}\n\n// we now declare a function which takes an object implementing the Foo trait\nfn some_func<T: Foo>(foo: T) {\n    foo.bar();\n}\n\nfn main() {\n    // we now call the method with the i32 type, which doesn't implement\n    // the Foo trait\n    some_func(5i32); // error: the trait bound `i32 : Foo` is not satisfied\n}\n```\n\nIn order to fix this error, verify that the type you're using does implement\nthe trait. Example:\n\n```\ntrait Foo {\n    fn bar(&self);\n}\n\n// we implement the trait on the i32 type\nimpl Foo for i32 {\n    fn bar(&self) {}\n}\n\nfn some_func<T: Foo>(foo: T) {\n    foo.bar(); // we can now use this method since i32 implements the\n               // Foo trait\n}\n\nfn main() {\n    some_func(5i32); // ok!\n}\n```\n\nOr in a generic context, an erroneous code example would look like:\n\n```compile_fail,E0277\nfn some_func<T>(foo: T) {\n    println!(\"{:?}\", foo); // error: the trait `core::fmt::Debug` is not\n                           //        implemented for the type `T`\n}\n\nfn main() {\n    // We now call the method with the i32 type,\n    // which *does* implement the Debug trait.\n    some_func(5i32);\n}\n```\n\nNote that the error here is in the definition of the generic function. Although\nwe only call it with a parameter that does implement `Debug`, the compiler\nstill rejects the function. It must work with all possible input types. In\norder to make this example compile, we need to restrict the generic type we're\naccepting:\n\n```\nuse std::fmt;\n\n// Restrict the input type to types that implement Debug.\nfn some_func<T: fmt::Debug>(foo: T) {\n    println!(\"{:?}\", foo);\n}\n\nfn main() {\n    // Calling the method is still fine, as i32 implements Debug.\n    some_func(5i32);\n\n    // This would fail to compile now:\n    // struct WithoutDebug;\n    // some_func(WithoutDebug);\n}\n```\n\nRust only looks at the signature of the called function, as such it must\nalready specify all requirements that will be used for every type parameter.\n"},"level":"error","spans":[{"file_name":"C:\\Users\\FAJAR.PK\\.cargo\\registry\\src\\index.crates.io-6f17d22bba15001f\\lexical-core-0.7.4\\src\\atof\\algorithm\\math.rs","byte_start":29715,"byte_end":29716,"line_start":1135,"line_end":1135,"column_start":17,"column_end":18,"is_primary":true,"text":[{"text":"    let div = n / bits;","highlight_start":17,"highlight_end":18}],"label":"no implementation for `usize / u32`","suggested_replacement":null,"suggestion_applicability":null,"expansion":null}],"children":[{"message":"the trait `Div<u32>` is not implemented for `usize`","code":null,"level":"help","spans":[],"children":[],"rendered":null},{"message":"the following other types implement trait `Div<Rhs>`:\n  <usize as Div>\n  <usize as Div<NonZeroUsize>>\n  <usize as Div<&usize>>\n  <&'a usize as Div<usize>>\n  <&usize as Div<&usize>>","code":null,"level":"help","spans":[],"children":[],"rendered":null}],"rendered":"\u001b[0m\u001b[1m\u001b[38;5;9merror[E0277]\u001b[0m\u001b[0m\u001b[1m\u001b[38;5;15m: cannot divide `usize` by `u32`\u001b[0m\n\u001b[0m    \u001b[0m\u001b[0m\u001b[1m\u001b[38;5;14m--> \u001b[0m\u001b[0mC:\\Users\\FAJAR.PK\\.cargo\\registry\\src\\index.crates.io-6f17d22bba15001f\\lexical-core-0.7.4\\src\\atof\\algorithm\\math.rs:1135:17\u001b[0m\n\u001b[0m     \u001b[0m\u001b[0m\u001b[1m\u001b[38;5;14m|\u001b[0m\n\u001b[0m\u001b[1m\u001b[38;5;14m1135\u001b[0m\u001b[0m \u001b[0m\u001b[0m\u001b[1m\u001b[38;5;14m|\u001b[0m\u001b[0m \u001b[0m\u001b[0m    let div = n / bits;\u001b[0m\n\u001b[0m     \u001b[0m\u001b[0m\u001b[1m\u001b[38;5;14m| \u001b[0m\u001b[0m                \u001b[0m\u001b[0m\u001b[1m\u001b[38;5;9m^\u001b[0m\u001b[0m \u001b[0m\u001b[0m\u001b[1m\u001b[38;5;9mno implementation for `usize / u32`\u001b[0m\n\u001b[0m     \u001b[0m\u001b[0m\u001b[1m\u001b[38;5;14m|\u001b[0m\n\u001b[0m     \u001b[0m\u001b[0m\u001b[1m\u001b[38;5;14m= \u001b[0m\u001b[0m\u001b[1m\u001b[38;5;15mhelp\u001b[0m\u001b[0m: the trait `Div<u32>` is not implemented for `usize`\u001b[0m\n\u001b[0m     \u001b[0m\u001b[0m\u001b[1m\u001b[38;5;14m= \u001b[0m\u001b[0m\u001b[1m\u001b[38;5;15mhelp\u001b[0m\u001b[0m: the following other types implement trait `Div<Rhs>`:\u001b[0m\n\u001b[0m               <usize as Div>\u001b[0m\n\u001b[0m               <usize as Div<NonZeroUsize>>\u001b[0m\n\u001b[0m               <usize as Div<&usize>>\u001b[0m\n\u001b[0m               <&'a usize as Div<usize>>\u001b[0m\n\u001b[0m               <&usize as Div<&usize>>\u001b[0m\n\n"}
{"message":"mismatched types","code":{"code":"E0308","explanation":"Expected type did not match the received type.\n\nErroneous code examples:\n\n```compile_fail,E0308\nfn plus_one(x: i32) -> i32 {\n    x + 1\n}\n\nplus_one(\"Not a number\");\n//       ^^^^^^^^^^^^^^ expected `i32`, found `&str`\n\nif \"Not a bool\" {\n// ^^^^^^^^^^^^ expected `bool`, found `&str`\n}\n\nlet x: f32 = \"Not a float\";\n//     ---   ^^^^^^^^^^^^^ expected `f32`, found `&str`\n//     |\n//     expected due to this\n```\n\nThis error occurs when an expression was used in a place where the compiler\nexpected an expression of a different type. It can occur in several cases, the\nmost common being when calling a function and passing an argument which has a\ndifferent type than the matching type in the function declaration.\n"},"level":"error","spans":[{"file_name":"C:\\Users\\FAJAR.PK\\.cargo\\registry\\src\\index.crates.io-6f17d22bba15001f\\lexical-core-0.7.4\\src\\atof\\algorithm\\math.rs","byte_start":31122,"byte_end":31126,"line_start":1191,"line_end":1191,"column_start":23,"column_end":27,"is_primary":true,"text":[{"text":"    debug_assert!(n < bits);","highlight_start":23,"highlight_end":27}],"label":"expected `usize`, found `u32`","suggested_replacement":null,"suggestion_applicability":null,"expansion":null},{"file_name":"C:\\Users\\FAJAR.PK\\.cargo\\registry\\src\\index.crates.io-6f17d22bba15001f\\lexical-core-0.7.4\\src\\atof\\algorithm\\math.rs","byte_start":31118,"byte_end":31119,"line_start":1191,"line_end":1191,"column_start":19,"column_end":20,"is_primary":false,"text":[{"text":"    debug_assert!(n < bits);","highlight_start":19,"highlight_end":20}],"label":"expected because this is `usize`","suggested_replacement":null,"suggestion_applicability":null,"expansion":null}],"children":[{"message":"you can convert a `u32` to a `usize` and panic if the converted value doesn't fit","code":null,"level":"help","spans":[{"file_name":"C:\\Users\\FAJAR.PK\\.cargo\\registry\\src\\index.crates.io-6f17d22bba15001f\\lexical-core-0.7.4\\src\\atof\\algorithm\\math.rs","byte_start":31126,"byte_end":31126,"line_start":1191,"line_end":1191,"column_start":27,"column_end":27,"is_primary":true,"text":[{"text":"    debug_assert!(n < bits);","highlight_start":27,"highlight_end":27}],"label":null,"suggested_replacement":".try_into().unwrap()","suggestion_applicability":"MachineApplicable","expansion":null}],"children":[],"rendered":null}],"rendered":"\u001b[0m\u001b[1m\u001b[38;5;9merror[E0308]\u001b[0m\u001b[0m\u001b[1m\u001b[38;5;15m: mismatched types\u001b[0m\n\u001b[0m    \u001b[0m\u001b[0m\u001b[1m\u001b[38;5;14m--> \u001b[0m\u001b[0mC:\\Users\\FAJAR.PK\\.cargo\\registry\\src\\index.crates.io-6f17d22bba15001f\\lexical-core-0.7.4\\src\\atof\\algorithm\\math.rs:1191:23\u001b[0m\n\u001b[0m     \u001b[0m\u001b[0m\u001b[1m\u001b[38;5;14m|\u001b[0m\n\u001b[0m\u001b[1m\u001b[38;5;14m1191\u001b[0m\u001b[0m \u001b[0m\u001b[0m\u001b[1m\u001b[38;5;14m|\u001b[0m\u001b[0m \u001b[0m\u001b[0m    debug_assert!(n < bits);\u001b[0m\n\u001b[0m     \u001b[0m\u001b[0m\u001b[1m\u001b[38;5;14m| \u001b[0m\u001b[0m                  \u001b[0m\u001b[0m\u001b[1m\u001b[38;5;14m-\u001b[0m\u001b[0m   \u001b[0m\u001b[0m\u001b[1m\u001b[38;5;9m^^^^\u001b[0m\u001b[0m \u001b[0m\u001b[0m\u001b[1m\u001b[38;5;9mexpected `usize`, found `u32`\u001b[0m\n\u001b[0m     \u001b[0m\u001b[0m\u001b[1m\u001b[38;5;14m| \u001b[0m\u001b[0m                  \u001b[0m\u001b[0m\u001b[1m\u001b[38;5;14m|\u001b[0m\n\u001b[0m     \u001b[0m\u001b[0m\u001b[1m\u001b[38;5;14m| \u001b[0m\u001b[0m                  \u001b[0m\u001b[0m\u001b[1m\u001b[38;5;14mexpected because this is `usize`\u001b[0m\n\u001b[0m     \u001b[0m\u001b[0m\u001b[1m\u001b[38;5;14m|\u001b[0m\n\u001b[0m\u001b[1m\u001b[38;5;14mhelp\u001b[0m\u001b[0m: you can convert a `u32` to a `usize` and panic if the converted value doesn't fit\u001b[0m\n\u001b[0m     \u001b[0m\u001b[0m\u001b[1m\u001b[38;5;14m|\u001b[0m\n\u001b[0m\u001b[1m\u001b[38;5;14m1191\u001b[0m\u001b[0m \u001b[0m\u001b[0m\u001b[1m\u001b[38;5;14m| \u001b[0m\u001b[0m    debug_assert!(n < bits\u001b[0m\u001b[0m\u001b[38;5;10m.try_into().unwrap()\u001b[0m\u001b[0m);\u001b[0m\n\u001b[0m     \u001b[0m\u001b[0m\u001b[1m\u001b[38;5;14m|\u001b[0m\u001b[0m                           \u001b[0m\u001b[0m\u001b[38;5;10m++++++++++++++++++++\u001b[0m\n\n"}
{"message":"mismatched types","code":{"code":"E0308","explanation":"Expected type did not match the received type.\n\nErroneous code examples:\n\n```compile_fail,E0308\nfn plus_one(x: i32) -> i32 {\n    x + 1\n}\n\nplus_one(\"Not a number\");\n//       ^^^^^^^^^^^^^^ expected `i32`, found `&str`\n\nif \"Not a bool\" {\n// ^^^^^^^^^^^^ expected `bool`, found `&str`\n}\n\nlet x: f32 = \"Not a float\";\n//     ---   ^^^^^^^^^^^^^ expected `f32`, found `&str`\n//     |\n//     expected due to this\n```\n\nThis error occurs when an expression was used in a place where the compiler\nexpected an expression of a different type. It can occur in several cases, the\nmost common being when calling a function and passing an argument which has a\ndifferent type than the matching type in the function declaration.\n"},"level":"error","spans":[{"file_name":"C:\\Users\\FAJAR.PK\\.cargo\\registry\\src\\index.crates.io-6f17d22bba15001f\\lexical-core-0.7.4\\src\\atof\\algorithm\\math.rs","byte_start":31434,"byte_end":31435,"line_start":1201,"line_end":1201,"column_start":25,"column_end":26,"is_primary":true,"text":[{"text":"    let rshift = bits - n;","highlight_start":25,"highlight_end":26}],"label":"expected `u32`, found `usize`","suggested_replacement":null,"suggestion_applicability":null,"expansion":null}],"children":[],"rendered":"\u001b[0m\u001b[1m\u001b[38;5;9merror[E0308]\u001b[0m\u001b[0m\u001b[1m\u001b[38;5;15m: mismatched types\u001b[0m\n\u001b[0m    \u001b[0m\u001b[0m\u001b[1m\u001b[38;5;14m--> \u001b[0m\u001b[0mC:\\Users\\FAJAR.PK\\.cargo\\registry\\src\\index.crates.io-6f17d22bba15001f\\lexical-core-0.7.4\\src\\atof\\algorithm\\math.rs:1201:25\u001b[0m\n\u001b[0m     \u001b[0m\u001b[0m\u001b[1m\u001b[38;5;14m|\u001b[0m\n\u001b[0m\u001b[1m\u001b[38;5;14m1201\u001b[0m\u001b[0m \u001b[0m\u001b[0m\u001b[1m\u001b[38;5;14m|\u001b[0m\u001b[0m \u001b[0m\u001b[0m    let rshift = bits - n;\u001b[0m\n\u001b[0m     \u001b[0m\u001b[0m\u001b[1m\u001b[38;5;14m| \u001b[0m\u001b[0m                        \u001b[0m\u001b[0m\u001b[1m\u001b[38;5;9m^\u001b[0m\u001b[0m \u001b[0m\u001b[0m\u001b[1m\u001b[38;5;9mexpected `u32`, found `usize`\u001b[0m\n\n"}
{"message":"cannot subtract `usize` from `u32`","code":{"code":"E0277","explanation":"You tried to use a type which doesn't implement some trait in a place which\nexpected that trait.\n\nErroneous code example:\n\n```compile_fail,E0277\n// here we declare the Foo trait with a bar method\ntrait Foo {\n    fn bar(&self);\n}\n\n// we now declare a function which takes an object implementing the Foo trait\nfn some_func<T: Foo>(foo: T) {\n    foo.bar();\n}\n\nfn main() {\n    // we now call the method with the i32 type, which doesn't implement\n    // the Foo trait\n    some_func(5i32); // error: the trait bound `i32 : Foo` is not satisfied\n}\n```\n\nIn order to fix this error, verify that the type you're using does implement\nthe trait. Example:\n\n```\ntrait Foo {\n    fn bar(&self);\n}\n\n// we implement the trait on the i32 type\nimpl Foo for i32 {\n    fn bar(&self) {}\n}\n\nfn some_func<T: Foo>(foo: T) {\n    foo.bar(); // we can now use this method since i32 implements the\n               // Foo trait\n}\n\nfn main() {\n    some_func(5i32); // ok!\n}\n```\n\nOr in a generic context, an erroneous code example would look like:\n\n```compile_fail,E0277\nfn some_func<T>(foo: T) {\n    println!(\"{:?}\", foo); // error: the trait `core::fmt::Debug` is not\n                           //        implemented for the type `T`\n}\n\nfn main() {\n    // We now call the method with the i32 type,\n    // which *does* implement the Debug trait.\n    some_func(5i32);\n}\n```\n\nNote that the error here is in the definition of the generic function. Although\nwe only call it with a parameter that does implement `Debug`, the compiler\nstill rejects the function. It must work with all possible input types. In\norder to make this example compile, we need to restrict the generic type we're\naccepting:\n\n```\nuse std::fmt;\n\n// Restrict the input type to types that implement Debug.\nfn some_func<T: fmt::Debug>(foo: T) {\n    println!(\"{:?}\", foo);\n}\n\nfn main() {\n    // Calling the method is still fine, as i32 implements Debug.\n    some_func(5i32);\n\n    // This would fail to compile now:\n    // struct WithoutDebug;\n    // some_func(WithoutDebug);\n}\n```\n\nRust only looks at the signature of the called function, as such it must\nalready specify all requirements that will be used for every type parameter.\n"},"level":"error","spans":[{"file_name":"C:\\Users\\FAJAR.PK\\.cargo\\registry\\src\\index.crates.io-6f17d22bba15001f\\lexical-core-0.7.4\\src\\atof\\algorithm\\math.rs","byte_start":31432,"byte_end":31433,"line_start":1201,"line_end":1201,"column_start":23,"column_end":24,"is_primary":true,"text":[{"text":"    let rshift = bits - n;","highlight_start":23,"highlight_end":24}],"label":"no implementation for `u32 - usize`","suggested_replacement":null,"suggestion_applicability":null,"expansion":null}],"children":[{"message":"the trait `Sub<usize>` is not implemented for `u32`","code":null,"level":"help","spans":[],"children":[],"rendered":null},{"message":"the following other types implement trait `Sub<Rhs>`:\n  <u32 as Sub>\n  <u32 as Sub<&u32>>\n  <&'a u32 as Sub<u32>>\n  <&u32 as Sub<&u32>>","code":null,"level":"help","spans":[],"children":[],"rendered":null}],"rendered":"\u001b[0m\u001b[1m\u001b[38;5;9merror[E0277]\u001b[0m\u001b[0m\u001b[1m\u001b[38;5;15m: cannot subtract `usize` from `u32`\u001b[0m\n\u001b[0m    \u001b[0m\u001b[0m\u001b[1m\u001b[38;5;14m--> \u001b[0m\u001b[0mC:\\Users\\FAJAR.PK\\.cargo\\registry\\src\\index.crates.io-6f17d22bba15001f\\lexical-core-0.7.4\\src\\atof\\algorithm\\math.rs:1201:23\u001b[0m\n\u001b[0m     \u001b[0m\u001b[0m\u001b[1m\u001b[38;5;14m|\u001b[0m\n\u001b[0m\u001b[1m\u001b[38;5;14m1201\u001b[0m\u001b[0m \u001b[0m\u001b[0m\u001b[1m\u001b[38;5;14m|\u001b[0m\u001b[0m \u001b[0m\u001b[0m    let rshift = bits - n;\u001b[0m\n\u001b[0m     \u001b[0m\u001b[0m\u001b[1m\u001b[38;5;14m| \u001b[0m\u001b[0m                      \u001b[0m\u001b[0m\u001b[1m\u001b[38;5;9m^\u001b[0m\u001b[0m \u001b[0m\u001b[0m\u001b[1m\u001b[38;5;9mno implementation for `u32 - usize`\u001b[0m\n\u001b[0m     \u001b[0m\u001b[0m\u001b[1m\u001b[38;5;14m|\u001b[0m\n\u001b[0m     \u001b[0m\u001b[0m\u001b[1m\u001b[38;5;14m= \u001b[0m\u001b[0m\u001b[1m\u001b[38;5;15mhelp\u001b[0m\u001b[0m: the trait `Sub<usize>` is not implemented for `u32`\u001b[0m\n\u001b[0m     \u001b[0m\u001b[0m\u001b[1m\u001b[38;5;14m= \u001b[0m\u001b[0m\u001b[1m\u001b[38;5;15mhelp\u001b[0m\u001b[0m: the following other types implement trait `Sub<Rhs>`:\u001b[0m\n\u001b[0m               <u32 as Sub>\u001b[0m\n\u001b[0m               <u32 as Sub<&u32>>\u001b[0m\n\u001b[0m               <&'a u32 as Sub<u32>>\u001b[0m\n\u001b[0m               <&u32 as Sub<&u32>>\u001b[0m\n\n"}
{"message":"mismatched types","code":{"code":"E0308","explanation":"Expected type did not match the received type.\n\nErroneous code examples:\n\n```compile_fail,E0308\nfn plus_one(x: i32) -> i32 {\n    x + 1\n}\n\nplus_one(\"Not a number\");\n//       ^^^^^^^^^^^^^^ expected `i32`, found `&str`\n\nif \"Not a bool\" {\n// ^^^^^^^^^^^^ expected `bool`, found `&str`\n}\n\nlet x: f32 = \"Not a float\";\n//     ---   ^^^^^^^^^^^^^ expected `f32`, found `&str`\n//     |\n//     expected due to this\n```\n\nThis error occurs when an expression was used in a place where the compiler\nexpected an expression of a different type. It can occur in several cases, the\nmost common being when calling a function and passing an argument which has a\ndifferent type than the matching type in the function declaration.\n"},"level":"error","spans":[{"file_name":"C:\\Users\\FAJAR.PK\\.cargo\\registry\\src\\index.crates.io-6f17d22bba15001f\\lexical-core-0.7.4\\src\\atof\\algorithm\\math.rs","byte_start":32657,"byte_end":32661,"line_start":1253,"line_end":1253,"column_start":19,"column_end":23,"is_primary":true,"text":[{"text":"    let rem = n % bits;","highlight_start":19,"highlight_end":23}],"label":"expected `usize`, found `u32`","suggested_replacement":null,"suggestion_applicability":null,"expansion":null}],"children":[],"rendered":"\u001b[0m\u001b[1m\u001b[38;5;9merror[E0308]\u001b[0m\u001b[0m\u001b[1m\u001b[38;5;15m: mismatched types\u001b[0m\n\u001b[0m    \u001b[0m\u001b[0m\u001b[1m\u001b[38;5;14m--> \u001b[0m\u001b[0mC:\\Users\\FAJAR.PK\\.cargo\\registry\\src\\index.crates.io-6f17d22bba15001f\\lexical-core-0.7.4\\src\\atof\\algorithm\\math.rs:1253:19\u001b[0m\n\u001b[0m     \u001b[0m\u001b[0m\u001b[1m\u001b[38;5;14m|\u001b[0m\n\u001b[0m\u001b[1m\u001b[38;5;14m1253\u001b[0m\u001b[0m \u001b[0m\u001b[0m\u001b[1m\u001b[38;5;14m|\u001b[0m\u001b[0m \u001b[0m\u001b[0m    let rem = n % bits;\u001b[0m\n\u001b[0m     \u001b[0m\u001b[0m\u001b[1m\u001b[38;5;14m| \u001b[0m\u001b[0m                  \u001b[0m\u001b[0m\u001b[1m\u001b[38;5;9m^^^^\u001b[0m\u001b[0m \u001b[0m\u001b[0m\u001b[1m\u001b[38;5;9mexpected `usize`, found `u32`\u001b[0m\n\n"}
{"message":"cannot calculate the remainder of `usize` divided by `u32`","code":{"code":"E0277","explanation":"You tried to use a type which doesn't implement some trait in a place which\nexpected that trait.\n\nErroneous code example:\n\n```compile_fail,E0277\n// here we declare the Foo trait with a bar method\ntrait Foo {\n    fn bar(&self);\n}\n\n// we now declare a function which takes an object implementing the Foo trait\nfn some_func<T: Foo>(foo: T) {\n    foo.bar();\n}\n\nfn main() {\n    // we now call the method with the i32 type, which doesn't implement\n    // the Foo trait\n    some_func(5i32); // error: the trait bound `i32 : Foo` is not satisfied\n}\n```\n\nIn order to fix this error, verify that the type you're using does implement\nthe trait. Example:\n\n```\ntrait Foo {\n    fn bar(&self);\n}\n\n// we implement the trait on the i32 type\nimpl Foo for i32 {\n    fn bar(&self) {}\n}\n\nfn some_func<T: Foo>(foo: T) {\n    foo.bar(); // we can now use this method since i32 implements the\n               // Foo trait\n}\n\nfn main() {\n    some_func(5i32); // ok!\n}\n```\n\nOr in a generic context, an erroneous code example would look like:\n\n```compile_fail,E0277\nfn some_func<T>(foo: T) {\n    println!(\"{:?}\", foo); // error: the trait `core::fmt::Debug` is not\n                           //        implemented for the type `T`\n}\n\nfn main() {\n    // We now call the method with the i32 type,\n    // which *does* implement the Debug trait.\n    some_func(5i32);\n}\n```\n\nNote that the error here is in the definition of the generic function. Although\nwe only call it with a parameter that does implement `Debug`, the compiler\nstill rejects the function. It must work with all possible input types. In\norder to make this example compile, we need to restrict the generic type we're\naccepting:\n\n```\nuse std::fmt;\n\n// Restrict the input type to types that implement Debug.\nfn some_func<T: fmt::Debug>(foo: T) {\n    println!(\"{:?}\", foo);\n}\n\nfn main() {\n    // Calling the method is still fine, as i32 implements Debug.\n    some_func(5i32);\n\n    // This would fail to compile now:\n    // struct WithoutDebug;\n    // some_func(WithoutDebug);\n}\n```\n\nRust only looks at the signature of the called function, as such it must\nalready specify all requirements that will be used for every type parameter.\n"},"level":"error","spans":[{"file_name":"C:\\Users\\FAJAR.PK\\.cargo\\registry\\src\\index.crates.io-6f17d22bba15001f\\lexical-core-0.7.4\\src\\atof\\algorithm\\math.rs","byte_start":32655,"byte_end":32656,"line_start":1253,"line_end":1253,"column_start":17,"column_end":18,"is_primary":true,"text":[{"text":"    let rem = n % bits;","highlight_start":17,"highlight_end":18}],"label":"no implementation for `usize % u32`","suggested_replacement":null,"suggestion_applicability":null,"expansion":null}],"children":[{"message":"the trait `Rem<u32>` is not implemented for `usize`","code":null,"level":"help","spans":[],"children":[],"rendered":null},{"message":"the following other types implement trait `Rem<Rhs>`:\n  <usize as Rem>\n  <usize as Rem<NonZeroUsize>>\n  <usize as Rem<&usize>>\n  <&'a usize as Rem<usize>>\n  <&usize as Rem<&usize>>","code":null,"level":"help","spans":[],"children":[],"rendered":null}],"rendered":"\u001b[0m\u001b[1m\u001b[38;5;9merror[E0277]\u001b[0m\u001b[0m\u001b[1m\u001b[38;5;15m: cannot calculate the remainder of `usize` divided by `u32`\u001b[0m\n\u001b[0m    \u001b[0m\u001b[0m\u001b[1m\u001b[38;5;14m--> \u001b[0m\u001b[0mC:\\Users\\FAJAR.PK\\.cargo\\registry\\src\\index.crates.io-6f17d22bba15001f\\lexical-core-0.7.4\\src\\atof\\algorithm\\math.rs:1253:17\u001b[0m\n\u001b[0m     \u001b[0m\u001b[0m\u001b[1m\u001b[38;5;14m|\u001b[0m\n\u001b[0m\u001b[1m\u001b[38;5;14m1253\u001b[0m\u001b[0m \u001b[0m\u001b[0m\u001b[1m\u001b[38;5;14m|\u001b[0m\u001b[0m \u001b[0m\u001b[0m    let rem = n % bits;\u001b[0m\n\u001b[0m     \u001b[0m\u001b[0m\u001b[1m\u001b[38;5;14m| \u001b[0m\u001b[0m                \u001b[0m\u001b[0m\u001b[1m\u001b[38;5;9m^\u001b[0m\u001b[0m \u001b[0m\u001b[0m\u001b[1m\u001b[38;5;9mno implementation for `usize % u32`\u001b[0m\n\u001b[0m     \u001b[0m\u001b[0m\u001b[1m\u001b[38;5;14m|\u001b[0m\n\u001b[0m     \u001b[0m\u001b[0m\u001b[1m\u001b[38;5;14m= \u001b[0m\u001b[0m\u001b[1m\u001b[38;5;15mhelp\u001b[0m\u001b[0m: the trait `Rem<u32>` is not implemented for `usize`\u001b[0m\n\u001b[0m     \u001b[0m\u001b[0m\u001b[1m\u001b[38;5;14m= \u001b[0m\u001b[0m\u001b[1m\u001b[38;5;15mhelp\u001b[0m\u001b[0m: the following other types implement trait `Rem<Rhs>`:\u001b[0m\n\u001b[0m               <usize as Rem>\u001b[0m\n\u001b[0m               <usize as Rem<NonZeroUsize>>\u001b[0m\n\u001b[0m               <usize as Rem<&usize>>\u001b[0m\n\u001b[0m               <&'a usize as Rem<usize>>\u001b[0m\n\u001b[0m               <&usize as Rem<&usize>>\u001b[0m\n\n"}
{"message":"mismatched types","code":{"code":"E0308","explanation":"Expected type did not match the received type.\n\nErroneous code examples:\n\n```compile_fail,E0308\nfn plus_one(x: i32) -> i32 {\n    x + 1\n}\n\nplus_one(\"Not a number\");\n//       ^^^^^^^^^^^^^^ expected `i32`, found `&str`\n\nif \"Not a bool\" {\n// ^^^^^^^^^^^^ expected `bool`, found `&str`\n}\n\nlet x: f32 = \"Not a float\";\n//     ---   ^^^^^^^^^^^^^ expected `f32`, found `&str`\n//     |\n//     expected due to this\n```\n\nThis error occurs when an expression was used in a place where the compiler\nexpected an expression of a different type. It can occur in several cases, the\nmost common being when calling a function and passing an argument which has a\ndifferent type than the matching type in the function declaration.\n"},"level":"error","spans":[{"file_name":"C:\\Users\\FAJAR.PK\\.cargo\\registry\\src\\index.crates.io-6f17d22bba15001f\\lexical-core-0.7.4\\src\\atof\\algorithm\\math.rs","byte_start":32681,"byte_end":32685,"line_start":1254,"line_end":1254,"column_start":19,"column_end":23,"is_primary":true,"text":[{"text":"    let div = n / bits;","highlight_start":19,"highlight_end":23}],"label":"expected `usize`, found `u32`","suggested_replacement":null,"suggestion_applicability":null,"expansion":null}],"children":[],"rendered":"\u001b[0m\u001b[1m\u001b[38;5;9merror[E0308]\u001b[0m\u001b[0m\u001b[1m\u001b[38;5;15m: mismatched types\u001b[0m\n\u001b[0m    \u001b[0m\u001b[0m\u001b[1m\u001b[38;5;14m--> \u001b[0m\u001b[0mC:\\Users\\FAJAR.PK\\.cargo\\registry\\src\\index.crates.io-6f17d22bba15001f\\lexical-core-0.7.4\\src\\atof\\algorithm\\math.rs:1254:19\u001b[0m\n\u001b[0m     \u001b[0m\u001b[0m\u001b[1m\u001b[38;5;14m|\u001b[0m\n\u001b[0m\u001b[1m\u001b[38;5;14m1254\u001b[0m\u001b[0m \u001b[0m\u001b[0m\u001b[1m\u001b[38;5;14m|\u001b[0m\u001b[0m \u001b[0m\u001b[0m    let div = n / bits;\u001b[0m\n\u001b[0m     \u001b[0m\u001b[0m\u001b[1m\u001b[38;5;14m| \u001b[0m\u001b[0m                  \u001b[0m\u001b[0m\u001b[1m\u001b[38;5;9m^^^^\u001b[0m\u001b[0m \u001b[0m\u001b[0m\u001b[1m\u001b[38;5;9mexpected `usize`, found `u32`\u001b[0m\n\n"}
{"message":"cannot divide `usize` by `u32`","code":{"code":"E0277","explanation":"You tried to use a type which doesn't implement some trait in a place which\nexpected that trait.\n\nErroneous code example:\n\n```compile_fail,E0277\n// here we declare the Foo trait with a bar method\ntrait Foo {\n    fn bar(&self);\n}\n\n// we now declare a function which takes an object implementing the Foo trait\nfn some_func<T: Foo>(foo: T) {\n    foo.bar();\n}\n\nfn main() {\n    // we now call the method with the i32 type, which doesn't implement\n    // the Foo trait\n    some_func(5i32); // error: the trait bound `i32 : Foo` is not satisfied\n}\n```\n\nIn order to fix this error, verify that the type you're using does implement\nthe trait. Example:\n\n```\ntrait Foo {\n    fn bar(&self);\n}\n\n// we implement the trait on the i32 type\nimpl Foo for i32 {\n    fn bar(&self) {}\n}\n\nfn some_func<T: Foo>(foo: T) {\n    foo.bar(); // we can now use this method since i32 implements the\n               // Foo trait\n}\n\nfn main() {\n    some_func(5i32); // ok!\n}\n```\n\nOr in a generic context, an erroneous code example would look like:\n\n```compile_fail,E0277\nfn some_func<T>(foo: T) {\n    println!(\"{:?}\", foo); // error: the trait `core::fmt::Debug` is not\n                           //        implemented for the type `T`\n}\n\nfn main() {\n    // We now call the method with the i32 type,\n    // which *does* implement the Debug trait.\n    some_func(5i32);\n}\n```\n\nNote that the error here is in the definition of the generic function. Although\nwe only call it with a parameter that does implement `Debug`, the compiler\nstill rejects the function. It must work with all possible input types. In\norder to make this example compile, we need to restrict the generic type we're\naccepting:\n\n```\nuse std::fmt;\n\n// Restrict the input type to types that implement Debug.\nfn some_func<T: fmt::Debug>(foo: T) {\n    println!(\"{:?}\", foo);\n}\n\nfn main() {\n    // Calling the method is still fine, as i32 implements Debug.\n    some_func(5i32);\n\n    // This would fail to compile now:\n    // struct WithoutDebug;\n    // some_func(WithoutDebug);\n}\n```\n\nRust only looks at the signature of the called function, as such it must\nalready specify all requirements that will be used for every type parameter.\n"},"level":"error","spans":[{"file_name":"C:\\Users\\FAJAR.PK\\.cargo\\registry\\src\\index.crates.io-6f17d22bba15001f\\lexical-core-0.7.4\\src\\atof\\algorithm\\math.rs","byte_start":32679,"byte_end":32680,"line_start":1254,"line_end":1254,"column_start":17,"column_end":18,"is_primary":true,"text":[{"text":"    let div = n / bits;","highlight_start":17,"highlight_end":18}],"label":"no implementation for `usize / u32`","suggested_replacement":null,"suggestion_applicability":null,"expansion":null}],"children":[{"message":"the trait `Div<u32>` is not implemented for `usize`","code":null,"level":"help","spans":[],"children":[],"rendered":null},{"message":"the following other types implement trait `Div<Rhs>`:\n  <usize as Div>\n  <usize as Div<NonZeroUsize>>\n  <usize as Div<&usize>>\n  <&'a usize as Div<usize>>\n  <&usize as Div<&usize>>","code":null,"level":"help","spans":[],"children":[],"rendered":null}],"rendered":"\u001b[0m\u001b[1m\u001b[38;5;9merror[E0277]\u001b[0m\u001b[0m\u001b[1m\u001b[38;5;15m: cannot divide `usize` by `u32`\u001b[0m\n\u001b[0m    \u001b[0m\u001b[0m\u001b[1m\u001b[38;5;14m--> \u001b[0m\u001b[0mC:\\Users\\FAJAR.PK\\.cargo\\registry\\src\\index.crates.io-6f17d22bba15001f\\lexical-core-0.7.4\\src\\atof\\algorithm\\math.rs:1254:17\u001b[0m\n\u001b[0m     \u001b[0m\u001b[0m\u001b[1m\u001b[38;5;14m|\u001b[0m\n\u001b[0m\u001b[1m\u001b[38;5;14m1254\u001b[0m\u001b[0m \u001b[0m\u001b[0m\u001b[1m\u001b[38;5;14m|\u001b[0m\u001b[0m \u001b[0m\u001b[0m    let div = n / bits;\u001b[0m\n\u001b[0m     \u001b[0m\u001b[0m\u001b[1m\u001b[38;5;14m| \u001b[0m\u001b[0m                \u001b[0m\u001b[0m\u001b[1m\u001b[38;5;9m^\u001b[0m\u001b[0m \u001b[0m\u001b[0m\u001b[1m\u001b[38;5;9mno implementation for `usize / u32`\u001b[0m\n\u001b[0m     \u001b[0m\u001b[0m\u001b[1m\u001b[38;5;14m|\u001b[0m\n\u001b[0m     \u001b[0m\u001b[0m\u001b[1m\u001b[38;5;14m= \u001b[0m\u001b[0m\u001b[1m\u001b[38;5;15mhelp\u001b[0m\u001b[0m: the trait `Div<u32>` is not implemented for `usize`\u001b[0m\n\u001b[0m     \u001b[0m\u001b[0m\u001b[1m\u001b[38;5;14m= \u001b[0m\u001b[0m\u001b[1m\u001b[38;5;15mhelp\u001b[0m\u001b[0m: the following other types implement trait `Div<Rhs>`:\u001b[0m\n\u001b[0m               <usize as Div>\u001b[0m\n\u001b[0m               <usize as Div<NonZeroUsize>>\u001b[0m\n\u001b[0m               <usize as Div<&usize>>\u001b[0m\n\u001b[0m               <&'a usize as Div<usize>>\u001b[0m\n\u001b[0m               <&usize as Div<&usize>>\u001b[0m\n\n"}
{"message":"mismatched types","code":{"code":"E0308","explanation":"Expected type did not match the received type.\n\nErroneous code examples:\n\n```compile_fail,E0308\nfn plus_one(x: i32) -> i32 {\n    x + 1\n}\n\nplus_one(\"Not a number\");\n//       ^^^^^^^^^^^^^^ expected `i32`, found `&str`\n\nif \"Not a bool\" {\n// ^^^^^^^^^^^^ expected `bool`, found `&str`\n}\n\nlet x: f32 = \"Not a float\";\n//     ---   ^^^^^^^^^^^^^ expected `f32`, found `&str`\n//     |\n//     expected due to this\n```\n\nThis error occurs when an expression was used in a place where the compiler\nexpected an expression of a different type. It can occur in several cases, the\nmost common being when calling a function and passing an argument which has a\ndifferent type than the matching type in the function declaration.\n"},"level":"error","spans":[{"file_name":"C:\\Users\\FAJAR.PK\\.cargo\\registry\\src\\index.crates.io-6f17d22bba15001f\\lexical-core-0.7.4\\src\\atof\\algorithm\\math.rs","byte_start":55141,"byte_end":55142,"line_start":2065,"line_end":2065,"column_start":27,"column_end":28,"is_primary":true,"text":[{"text":"    let rs = Limb::BITS - s;","highlight_start":27,"highlight_end":28}],"label":"expected `u32`, found `usize`","suggested_replacement":null,"suggestion_applicability":null,"expansion":null}],"children":[],"rendered":"\u001b[0m\u001b[1m\u001b[38;5;9merror[E0308]\u001b[0m\u001b[0m\u001b[1m\u001b[38;5;15m: mismatched types\u001b[0m\n\u001b[0m    \u001b[0m\u001b[0m\u001b[1m\u001b[38;5;14m--> \u001b[0m\u001b[0mC:\\Users\\FAJAR.PK\\.cargo\\registry\\src\\index.crates.io-6f17d22bba15001f\\lexical-core-0.7.4\\src\\atof\\algorithm\\math.rs:2065:27\u001b[0m\n\u001b[0m     \u001b[0m\u001b[0m\u001b[1m\u001b[38;5;14m|\u001b[0m\n\u001b[0m\u001b[1m\u001b[38;5;14m2065\u001b[0m\u001b[0m \u001b[0m\u001b[0m\u001b[1m\u001b[38;5;14m|\u001b[0m\u001b[0m \u001b[0m\u001b[0m    let rs = Limb::BITS - s;\u001b[0m\n\u001b[0m     \u001b[0m\u001b[0m\u001b[1m\u001b[38;5;14m| \u001b[0m\u001b[0m                          \u001b[0m\u001b[0m\u001b[1m\u001b[38;5;9m^\u001b[0m\u001b[0m \u001b[0m\u001b[0m\u001b[1m\u001b[38;5;9mexpected `u32`, found `usize`\u001b[0m\n\n"}
{"message":"cannot subtract `usize` from `u32`","code":{"code":"E0277","explanation":"You tried to use a type which doesn't implement some trait in a place which\nexpected that trait.\n\nErroneous code example:\n\n```compile_fail,E0277\n// here we declare the Foo trait with a bar method\ntrait Foo {\n    fn bar(&self);\n}\n\n// we now declare a function which takes an object implementing the Foo trait\nfn some_func<T: Foo>(foo: T) {\n    foo.bar();\n}\n\nfn main() {\n    // we now call the method with the i32 type, which doesn't implement\n    // the Foo trait\n    some_func(5i32); // error: the trait bound `i32 : Foo` is not satisfied\n}\n```\n\nIn order to fix this error, verify that the type you're using does implement\nthe trait. Example:\n\n```\ntrait Foo {\n    fn bar(&self);\n}\n\n// we implement the trait on the i32 type\nimpl Foo for i32 {\n    fn bar(&self) {}\n}\n\nfn some_func<T: Foo>(foo: T) {\n    foo.bar(); // we can now use this method since i32 implements the\n               // Foo trait\n}\n\nfn main() {\n    some_func(5i32); // ok!\n}\n```\n\nOr in a generic context, an erroneous code example would look like:\n\n```compile_fail,E0277\nfn some_func<T>(foo: T) {\n    println!(\"{:?}\", foo); // error: the trait `core::fmt::Debug` is not\n                           //        implemented for the type `T`\n}\n\nfn main() {\n    // We now call the method with the i32 type,\n    // which *does* implement the Debug trait.\n    some_func(5i32);\n}\n```\n\nNote that the error here is in the definition of the generic function. Although\nwe only call it with a parameter that does implement `Debug`, the compiler\nstill rejects the function. It must work with all possible input types. In\norder to make this example compile, we need to restrict the generic type we're\naccepting:\n\n```\nuse std::fmt;\n\n// Restrict the input type to types that implement Debug.\nfn some_func<T: fmt::Debug>(foo: T) {\n    println!(\"{:?}\", foo);\n}\n\nfn main() {\n    // Calling the method is still fine, as i32 implements Debug.\n    some_func(5i32);\n\n    // This would fail to compile now:\n    // struct WithoutDebug;\n    // some_func(WithoutDebug);\n}\n```\n\nRust only looks at the signature of the called function, as such it must\nalready specify all requirements that will be used for every type parameter.\n"},"level":"error","spans":[{"file_name":"C:\\Users\\FAJAR.PK\\.cargo\\registry\\src\\index.crates.io-6f17d22bba15001f\\lexical-core-0.7.4\\src\\atof\\algorithm\\math.rs","byte_start":55139,"byte_end":55140,"line_start":2065,"line_end":2065,"column_start":25,"column_end":26,"is_primary":true,"text":[{"text":"    let rs = Limb::BITS - s;","highlight_start":25,"highlight_end":26}],"label":"no implementation for `u32 - usize`","suggested_replacement":null,"suggestion_applicability":null,"expansion":null}],"children":[{"message":"the trait `Sub<usize>` is not implemented for `u32`","code":null,"level":"help","spans":[],"children":[],"rendered":null},{"message":"the following other types implement trait `Sub<Rhs>`:\n  <u32 as Sub>\n  <u32 as Sub<&u32>>\n  <&'a u32 as Sub<u32>>\n  <&u32 as Sub<&u32>>","code":null,"level":"help","spans":[],"children":[],"rendered":null}],"rendered":"\u001b[0m\u001b[1m\u001b[38;5;9merror[E0277]\u001b[0m\u001b[0m\u001b[1m\u001b[38;5;15m: cannot subtract `usize` from `u32`\u001b[0m\n\u001b[0m    \u001b[0m\u001b[0m\u001b[1m\u001b[38;5;14m--> \u001b[0m\u001b[0mC:\\Users\\FAJAR.PK\\.cargo\\registry\\src\\index.crates.io-6f17d22bba15001f\\lexical-core-0.7.4\\src\\atof\\algorithm\\math.rs:2065:25\u001b[0m\n\u001b[0m     \u001b[0m\u001b[0m\u001b[1m\u001b[38;5;14m|\u001b[0m\n\u001b[0m\u001b[1m\u001b[38;5;14m2065\u001b[0m\u001b[0m \u001b[0m\u001b[0m\u001b[1m\u001b[38;5;14m|\u001b[0m\u001b[0m \u001b[0m\u001b[0m    let rs = Limb::BITS - s;\u001b[0m\n\u001b[0m     \u001b[0m\u001b[0m\u001b[1m\u001b[38;5;14m| \u001b[0m\u001b[0m                        \u001b[0m\u001b[0m\u001b[1m\u001b[38;5;9m^\u001b[0m\u001b[0m \u001b[0m\u001b[0m\u001b[1m\u001b[38;5;9mno implementation for `u32 - usize`\u001b[0m\n\u001b[0m     \u001b[0m\u001b[0m\u001b[1m\u001b[38;5;14m|\u001b[0m\n\u001b[0m     \u001b[0m\u001b[0m\u001b[1m\u001b[38;5;14m= \u001b[0m\u001b[0m\u001b[1m\u001b[38;5;15mhelp\u001b[0m\u001b[0m: the trait `Sub<usize>` is not implemented for `u32`\u001b[0m\n\u001b[0m     \u001b[0m\u001b[0m\u001b[1m\u001b[38;5;14m= \u001b[0m\u001b[0m\u001b[1m\u001b[38;5;15mhelp\u001b[0m\u001b[0m: the following other types implement trait `Sub<Rhs>`:\u001b[0m\n\u001b[0m               <u32 as Sub>\u001b[0m\n\u001b[0m               <u32 as Sub<&u32>>\u001b[0m\n\u001b[0m               <&'a u32 as Sub<u32>>\u001b[0m\n\u001b[0m               <&u32 as Sub<&u32>>\u001b[0m\n\n"}
{"message":"aborting due to 27 previous errors","code":null,"level":"error","spans":[],"children":[],"rendered":"\u001b[0m\u001b[1m\u001b[38;5;9merror\u001b[0m\u001b[0m\u001b[1m\u001b[38;5;15m: aborting due to 27 previous errors\u001b[0m\n\n"}
{"message":"Some errors have detailed explanations: E0277, E0308.","code":null,"level":"failure-note","spans":[],"children":[],"rendered":"\u001b[0m\u001b[1m\u001b[38;5;15mSome errors have detailed explanations: E0277, E0308.\u001b[0m\n"}
{"message":"For more information about an error, try `rustc --explain E0277`.","code":null,"level":"failure-note","spans":[],"children":[],"rendered":"\u001b[0m\u001b[1m\u001b[38;5;15mFor more information about an error, try `rustc --explain E0277`.\u001b[0m\n"}
